
Local case configuration:

  Date:                dim. 04 déc. 2022 18:39:14 UTC
  System:              Linux 5.10.149-133.644.amzn2.aarch64
  Machine:             ip-10-8-15-90
  Processor:           

  Memory:              15679 MB
  Directory:           /userdir/home/skone/saturne-open-cases/BUNDLE/BENCH_C016_PREPROCESS/RESU/extrude_16

  Compilers used for build:
    Fortran compiler:  GNU Fortran (GCC) 9.3.0

  MPI version: 3.1 (Open MPI 4.1.4)

  OpenMP version: none

  I/O read method:     standard input and output, serial access
  I/O write method:    standard input and output, serial access

--------------------------------------------------------------------------------

Halo creation times summary

  Halo creation:                             0 s

  Total time for halo creation:              0 s

--------------------------------------------------------------------------------

Mesh entity selections by criteria statistics:

  entity type     evaluations          time
  -----------------------------------------
  cells                     0       0.00000
  interior faces            0       0.00000
  boundary faces            4       0.00003

--------------------------------------------------------------------------------

Writing of "results" (EnSight Gold) summary:

  Elapsed time for meshes:                 0.001
  Elapsed time for variables:              0.000
  Elapsed time forcing output:             0.000

--------------------------------------------------------------------------------

code_saturne IO files read:

  mesh_input.csm
    data:      0.00027 s,      257.542 KiB
    open:      0.00032 s, 2 open(s)

code_saturne IO files written:

  mesh_output.csm
    data:      0.00280 s,        3.687 MiB
    open:      0.00400 s, 1 open(s)

--------------------------------------------------------------------------------

Calculation time summary:

  User CPU time:              0.032 s
  System CPU time:            0.011 s

  Elapsed time:               0.039 s
  CPU / elapsed time          1.093

--------------------------------------------------------------------------------

Memory use summary:

  Total memory used:                             146.863 MiB
  Virtual memory used:                           160.613 MiB
  Shared libraries memory used:                   16.871 MiB

--------------------------------------------------------------------------------
