This file contains any messages produced by compilers while
running configure, to aid debugging if configure makes a mistake.

It was created by code_saturne configure 7.2.0, which was
generated by GNU Autoconf 2.69.  Invocation command line was

  $ ../configure CC=mpicc CXX=mpic++ FC=gfortran --with-blas-lib=/opt/tools-hackathon/arm/compilers/armpl-22.1.0_AArch64_RHEL-7_gcc_aarch64-linux/include/ --prefix=/userdir/home/alaplanche/code_saturne-7.2.0 --disable-gui --without-med --without-hfd5 --without-cgns --without-metis --disable-salome --without-salome --without-eos --disable-static --enable-long-gnum --no-create --no-recursion

## --------- ##
## Platform. ##
## --------- ##

hostname = ip-10-8-15-90
uname -m = aarch64
uname -r = 5.10.149-133.644.amzn2.aarch64
uname -s = Linux
uname -v = #1 SMP Tue Oct 18 16:52:38 UTC 2022

/usr/bin/uname -p = aarch64
/bin/uname -X     = unknown

/bin/arch              = aarch64
/usr/bin/arch -k       = unknown
/usr/convex/getsysinfo = unknown
/usr/bin/hostinfo      = unknown
/bin/machine           = unknown
/usr/bin/oslevel       = unknown
/bin/universe          = unknown

PATH: /opt/tools-hackathon/arm/compilers/gcc-11.2.0_Generic-AArch64_RHEL-7_aarch64-linux/bin
PATH: /opt/tools-hackathon/arm/compilers/gcc-11.2.0_Generic-AArch64_RHEL-7_aarch64-linux/binutils_bin
PATH: /usr/lib64/qt-3.3/bin
PATH: /opt/amazon/openmpi/bin/
PATH: /opt/amazon/efa/bin/
PATH: /usr/local/bin
PATH: /usr/bin
PATH: /usr/local/sbin
PATH: /usr/sbin
PATH: /sbin
PATH: /bin
PATH: /opt/aws/bin
PATH: /opt/parallelcluster/pyenv/versions/3.7.10/envs/cfn_bootstrap_virtualenv/bin
PATH: /opt/parallelcluster/pyenv/versions/3.7.10/envs/awsbatch_virtualenv/bin
PATH: /opt/slurm/bin
PATH: /userdir/home/alaplanche/.local/bin
PATH: /userdir/home/alaplanche/bin


## ----------- ##
## Core tests. ##
## ----------- ##

configure:3380: checking build system type
configure:3394: result: aarch64-unknown-linux-gnu
configure:3414: checking host system type
configure:3427: result: aarch64-unknown-linux-gnu
configure:3447: checking target system type
configure:3460: result: aarch64-unknown-linux-gnu
configure:3509: checking for a BSD-compatible install
configure:3577: result: /usr/bin/install -c
configure:3588: checking whether build environment is sane
configure:3643: result: yes
configure:3794: checking for a thread-safe mkdir -p
configure:3833: result: /usr/bin/mkdir -p
configure:3840: checking for gawk
configure:3856: found /usr/bin/gawk
configure:3867: result: gawk
configure:3878: checking whether make sets $(MAKE)
configure:3900: result: yes
configure:3929: checking whether make supports nested variables
configure:3946: result: yes
configure:4025: checking how to create a pax tar archive
configure:4036: tar --version
tar (GNU tar) 1.26
Copyright (C) 2011 Free Software Foundation, Inc.
License GPLv3+: GNU GPL version 3 or later <http://gnu.org/licenses/gpl.html>.
This is free software: you are free to change and redistribute it.
There is NO WARRANTY, to the extent permitted by law.

Written by John Gilmore and Jay Fenlason.
configure:4039: $? = 0
configure:4079: tardir=conftest.dir && eval tar --format=posix -chf - "$tardir" >conftest.tar
configure:4082: $? = 0
configure:4086: tar -xf - <conftest.tar
configure:4089: $? = 0
configure:4091: cat conftest.dir/file
GrepMe
configure:4094: $? = 0
configure:4107: result: gnutar
configure:4143: checking whether to enable maintainer-specific portions of Makefiles
configure:4152: result: no
configure:4179: checking whether make supports nested variables
configure:4196: result: yes
configure:4260: checking for environment modules
configure:4300: checking for modulecmd
configure:4319: found /usr/bin/modulecmd
configure:4331: result: /usr/bin/modulecmd
configure:4525: checking for gcc
configure:4552: result: mpicc
configure:4781: checking for C compiler version
configure:4790: mpicc --version >&5
gcc (GCC) 11.2.0
Copyright (C) 2021 Free Software Foundation, Inc.
This is free software; see the source for copying conditions.  There is NO
warranty; not even for MERCHANTABILITY or FITNESS FOR A PARTICULAR PURPOSE.

configure:4801: $? = 0
configure:4790: mpicc -v >&5
Using built-in specs.
COLLECT_GCC=/opt/tools-hackathon/arm/compilers/gcc-11.2.0_Generic-AArch64_RHEL-7_aarch64-linux/bin/gcc
COLLECT_LTO_WRAPPER=/opt/tools-hackathon/arm/compilers/gcc-11.2.0_Generic-AArch64_RHEL-7_aarch64-linux/bin/../libexec/gcc/aarch64-linux-gnu/11.2.0/lto-wrapper
Target: aarch64-linux-gnu
Configured with: /tmp/gcc/223/.conan/data/gcc11/11.2.0.223/infra/stable/build/c5f3831db69dbd0e89d709168b910eb5f2f44ef6/gcc-11.2.0/configure --build=aarch64-linux-gnu --disable-multilib --disable-werror --enable-64-bit-bfd --enable-checking=release --enable-gnu-indirect-function --enable-interwork --enable-languages=c,c++,fortran --enable-lto --enable-plugins --enable-stage1-checking --host=aarch64-linux-gnu --libexecdir='/tmp/gcc/223/.conan/data/gcc11/11.2.0.223/infra/stable/package/c5f3831db69dbd0e89d709168b910eb5f2f44ef6/libexec' --target=aarch64-linux-gnu --with-build-config=bootstrap-debug --prefix=/tmp/gcc/223/.conan/data/gcc11/11.2.0.223/infra/stable/package/c5f3831db69dbd0e89d709168b910eb5f2f44ef6 --bindir='/tmp/gcc/223/.conan/data/gcc11/11.2.0.223/infra/stable/package/c5f3831db69dbd0e89d709168b910eb5f2f44ef6/bin' --sbindir='/tmp/gcc/223/.conan/data/gcc11/11.2.0.223/infra/stable/package/c5f3831db69dbd0e89d709168b910eb5f2f44ef6/bin' --libdir='/tmp/gcc/223/.conan/data/gcc11/11.2.0.223/infra/stable/package/c5f3831db69dbd0e89d709168b910eb5f2f44ef6/lib' --includedir='/tmp/gcc/223/.conan/data/gcc11/11.2.0.223/infra/stable/package/c5f3831db69dbd0e89d709168b910eb5f2f44ef6/include' --oldincludedir='/tmp/gcc/223/.conan/data/gcc11/11.2.0.223/infra/stable/package/c5f3831db69dbd0e89d709168b910eb5f2f44ef6/include' --datarootdir='/tmp/gcc/223/.conan/data/gcc11/11.2.0.223/infra/stable/package/c5f3831db69dbd0e89d709168b910eb5f2f44ef6/share'
Thread model: posix
Supported LTO compression algorithms: zlib
gcc version 11.2.0 (GCC) 
configure:4801: $? = 0
configure:4790: mpicc -V >&5
gcc: error: unrecognized command-line option '-V'
gcc: fatal error: no input files
compilation terminated.
configure:4801: $? = 1
configure:4790: mpicc -qversion >&5
gcc: error: unrecognized command-line option '-qversion'; did you mean '--version'?
gcc: fatal error: no input files
compilation terminated.
configure:4801: $? = 1
configure:4821: checking whether the C compiler works
configure:4843: mpicc    conftest.c  >&5
configure:4847: $? = 0
configure:4895: result: yes
configure:4898: checking for C compiler default output file name
configure:4900: result: a.out
configure:4906: checking for suffix of executables
configure:4913: mpicc -o conftest    conftest.c  >&5
configure:4917: $? = 0
configure:4939: result: 
configure:4961: checking whether we are cross compiling
configure:4969: mpicc -o conftest    conftest.c  >&5
configure:4973: $? = 0
configure:4980: ./conftest
configure:4984: $? = 0
configure:4999: result: no
configure:5004: checking for suffix of object files
configure:5026: mpicc -c   conftest.c >&5
configure:5030: $? = 0
configure:5051: result: o
configure:5055: checking whether we are using the GNU C compiler
configure:5074: mpicc -c   conftest.c >&5
configure:5074: $? = 0
configure:5083: result: yes
configure:5092: checking whether mpicc accepts -g
configure:5112: mpicc -c -g  conftest.c >&5
configure:5112: $? = 0
configure:5153: result: yes
configure:5170: checking for mpicc option to accept ISO C89
configure:5233: mpicc  -c -g -O2  conftest.c >&5
configure:5233: $? = 0
configure:5246: result: none needed
configure:5277: checking for style of include used by make
configure:5305: result: GNU
configure:5331: checking dependency style of mpicc
configure:5442: result: gcc3
configure:5569: checking for C++ compiler version
configure:5578: mpic++ --version >&5
g++ (GCC) 11.2.0
Copyright (C) 2021 Free Software Foundation, Inc.
This is free software; see the source for copying conditions.  There is NO
warranty; not even for MERCHANTABILITY or FITNESS FOR A PARTICULAR PURPOSE.

configure:5589: $? = 0
configure:5578: mpic++ -v >&5
Using built-in specs.
COLLECT_GCC=/opt/tools-hackathon/arm/compilers/gcc-11.2.0_Generic-AArch64_RHEL-7_aarch64-linux/bin/g++
COLLECT_LTO_WRAPPER=/opt/tools-hackathon/arm/compilers/gcc-11.2.0_Generic-AArch64_RHEL-7_aarch64-linux/bin/../libexec/gcc/aarch64-linux-gnu/11.2.0/lto-wrapper
Target: aarch64-linux-gnu
Configured with: /tmp/gcc/223/.conan/data/gcc11/11.2.0.223/infra/stable/build/c5f3831db69dbd0e89d709168b910eb5f2f44ef6/gcc-11.2.0/configure --build=aarch64-linux-gnu --disable-multilib --disable-werror --enable-64-bit-bfd --enable-checking=release --enable-gnu-indirect-function --enable-interwork --enable-languages=c,c++,fortran --enable-lto --enable-plugins --enable-stage1-checking --host=aarch64-linux-gnu --libexecdir='/tmp/gcc/223/.conan/data/gcc11/11.2.0.223/infra/stable/package/c5f3831db69dbd0e89d709168b910eb5f2f44ef6/libexec' --target=aarch64-linux-gnu --with-build-config=bootstrap-debug --prefix=/tmp/gcc/223/.conan/data/gcc11/11.2.0.223/infra/stable/package/c5f3831db69dbd0e89d709168b910eb5f2f44ef6 --bindir='/tmp/gcc/223/.conan/data/gcc11/11.2.0.223/infra/stable/package/c5f3831db69dbd0e89d709168b910eb5f2f44ef6/bin' --sbindir='/tmp/gcc/223/.conan/data/gcc11/11.2.0.223/infra/stable/package/c5f3831db69dbd0e89d709168b910eb5f2f44ef6/bin' --libdir='/tmp/gcc/223/.conan/data/gcc11/11.2.0.223/infra/stable/package/c5f3831db69dbd0e89d709168b910eb5f2f44ef6/lib' --includedir='/tmp/gcc/223/.conan/data/gcc11/11.2.0.223/infra/stable/package/c5f3831db69dbd0e89d709168b910eb5f2f44ef6/include' --oldincludedir='/tmp/gcc/223/.conan/data/gcc11/11.2.0.223/infra/stable/package/c5f3831db69dbd0e89d709168b910eb5f2f44ef6/include' --datarootdir='/tmp/gcc/223/.conan/data/gcc11/11.2.0.223/infra/stable/package/c5f3831db69dbd0e89d709168b910eb5f2f44ef6/share'
Thread model: posix
Supported LTO compression algorithms: zlib
gcc version 11.2.0 (GCC) 
configure:5589: $? = 0
configure:5578: mpic++ -V >&5
g++: error: unrecognized command-line option '-V'
g++: fatal error: no input files
compilation terminated.
configure:5589: $? = 1
configure:5578: mpic++ -qversion >&5
g++: error: unrecognized command-line option '-qversion'; did you mean '--version'?
g++: fatal error: no input files
compilation terminated.
configure:5589: $? = 1
configure:5593: checking whether we are using the GNU C++ compiler
configure:5612: mpic++ -c   conftest.cpp >&5
configure:5612: $? = 0
configure:5621: result: yes
configure:5630: checking whether mpic++ accepts -g
configure:5650: mpic++ -c -g  conftest.cpp >&5
configure:5650: $? = 0
configure:5691: result: yes
configure:5716: checking dependency style of mpic++
configure:5827: result: gcc3
configure:5948: checking for Fortran compiler version
configure:5957: gfortran --version >&5
GNU Fortran (GCC) 11.2.0
Copyright (C) 2021 Free Software Foundation, Inc.
This is free software; see the source for copying conditions.  There is NO
warranty; not even for MERCHANTABILITY or FITNESS FOR A PARTICULAR PURPOSE.

configure:5968: $? = 0
configure:5957: gfortran -v >&5
Using built-in specs.
COLLECT_GCC=gfortran
COLLECT_LTO_WRAPPER=/opt/tools-hackathon/arm/compilers/gcc-11.2.0_Generic-AArch64_RHEL-7_aarch64-linux/bin/../libexec/gcc/aarch64-linux-gnu/11.2.0/lto-wrapper
Target: aarch64-linux-gnu
Configured with: /tmp/gcc/223/.conan/data/gcc11/11.2.0.223/infra/stable/build/c5f3831db69dbd0e89d709168b910eb5f2f44ef6/gcc-11.2.0/configure --build=aarch64-linux-gnu --disable-multilib --disable-werror --enable-64-bit-bfd --enable-checking=release --enable-gnu-indirect-function --enable-interwork --enable-languages=c,c++,fortran --enable-lto --enable-plugins --enable-stage1-checking --host=aarch64-linux-gnu --libexecdir='/tmp/gcc/223/.conan/data/gcc11/11.2.0.223/infra/stable/package/c5f3831db69dbd0e89d709168b910eb5f2f44ef6/libexec' --target=aarch64-linux-gnu --with-build-config=bootstrap-debug --prefix=/tmp/gcc/223/.conan/data/gcc11/11.2.0.223/infra/stable/package/c5f3831db69dbd0e89d709168b910eb5f2f44ef6 --bindir='/tmp/gcc/223/.conan/data/gcc11/11.2.0.223/infra/stable/package/c5f3831db69dbd0e89d709168b910eb5f2f44ef6/bin' --sbindir='/tmp/gcc/223/.conan/data/gcc11/11.2.0.223/infra/stable/package/c5f3831db69dbd0e89d709168b910eb5f2f44ef6/bin' --libdir='/tmp/gcc/223/.conan/data/gcc11/11.2.0.223/infra/stable/package/c5f3831db69dbd0e89d709168b910eb5f2f44ef6/lib' --includedir='/tmp/gcc/223/.conan/data/gcc11/11.2.0.223/infra/stable/package/c5f3831db69dbd0e89d709168b910eb5f2f44ef6/include' --oldincludedir='/tmp/gcc/223/.conan/data/gcc11/11.2.0.223/infra/stable/package/c5f3831db69dbd0e89d709168b910eb5f2f44ef6/include' --datarootdir='/tmp/gcc/223/.conan/data/gcc11/11.2.0.223/infra/stable/package/c5f3831db69dbd0e89d709168b910eb5f2f44ef6/share'
Thread model: posix
Supported LTO compression algorithms: zlib
gcc version 11.2.0 (GCC) 
configure:5968: $? = 0
configure:5957: gfortran -V >&5
gfortran: error: unrecognized command-line option '-V'
gfortran: fatal error: no input files
compilation terminated.
configure:5968: $? = 1
configure:5957: gfortran -qversion >&5
gfortran: error: unrecognized command-line option '-qversion'; did you mean '--version'?
gfortran: fatal error: no input files
compilation terminated.
configure:5968: $? = 1
configure:5977: checking whether we are using the GNU Fortran compiler
configure:5990: gfortran -c   conftest.F >&5
configure:5990: $? = 0
configure:5999: result: yes
configure:6005: checking whether gfortran accepts -g
configure:6016: gfortran -c -g  conftest.f >&5
configure:6016: $? = 0
configure:6024: result: yes
configure:6055: checking whether ln -s works
configure:6059: result: yes
configure:6067: checking whether mpicc and cc understand -c and -o together
configure:6098: mpicc -c conftest.c -o conftest2.o >&5
configure:6102: $? = 0
configure:6108: mpicc -c conftest.c -o conftest2.o >&5
configure:6112: $? = 0
configure:6123: cc -c conftest.c >&5
configure:6127: $? = 0
configure:6135: cc -c conftest.c -o conftest2.o >&5
configure:6139: $? = 0
configure:6145: cc -c conftest.c -o conftest2.o >&5
configure:6149: $? = 0
configure:6167: result: yes
configure:6192: checking for a sed that does not truncate output
configure:6256: result: /usr/bin/sed
configure:6735: checking for ar
configure:6751: found /opt/tools-hackathon/arm/compilers/gcc-11.2.0_Generic-AArch64_RHEL-7_aarch64-linux/bin/ar
configure:6762: result: ar
configure:6788: checking the archiver (ar) interface
configure:6798: mpicc -c -g -O2  conftest.c >&5
configure:6798: $? = 0
configure:6800: ar cru libconftest.a conftest.o >&5
configure:6803: $? = 0
configure:6826: result: ar
configure:6938: sourcing config/cs_auto_flags.sh (test for known compilers)
configure:7123: checking how to print strings
configure:7150: result: printf
configure:7171: checking for a sed that does not truncate output
configure:7235: result: /usr/bin/sed
configure:7253: checking for grep that handles long lines and -e
configure:7311: result: /usr/bin/grep
configure:7316: checking for egrep
configure:7378: result: /usr/bin/grep -E
configure:7383: checking for fgrep
configure:7445: result: /usr/bin/grep -F
configure:7480: checking for ld used by mpicc
configure:7547: result: /opt/tools-hackathon/arm/compilers/gcc-11.2.0_Generic-AArch64_RHEL-7_aarch64-linux/aarch64-linux-gnu/bin/ld
configure:7554: checking if the linker (/opt/tools-hackathon/arm/compilers/gcc-11.2.0_Generic-AArch64_RHEL-7_aarch64-linux/aarch64-linux-gnu/bin/ld) is GNU ld
configure:7569: result: yes
configure:7581: checking for BSD- or MS-compatible name lister (nm)
configure:7630: result: /opt/tools-hackathon/arm/compilers/gcc-11.2.0_Generic-AArch64_RHEL-7_aarch64-linux/bin/nm -B
configure:7760: checking the name lister (/opt/tools-hackathon/arm/compilers/gcc-11.2.0_Generic-AArch64_RHEL-7_aarch64-linux/bin/nm -B) interface
configure:7767: mpicc -c -funsigned-char -W -Wall -Wshadow -Wpointer-arith -Wcast-qual -Wcast-align -Wwrite-strings -Wstrict-prototypes -Wmissing-prototypes -Wmissing-declarations -Wnested-externs -Wunused -Wfloat-equal -Werror=implicit-function-declaration -Wmisleading-indentation -Wduplicated-cond -fdiagnostics-color=auto -Werror=format-security    -D_POSIX_C_SOURCE=200809L -DNDEBUG conftest.c >&5
configure:7770: /opt/tools-hackathon/arm/compilers/gcc-11.2.0_Generic-AArch64_RHEL-7_aarch64-linux/bin/nm -B "conftest.o"
configure:7773: output
0000000000000000 B some_variable
configure:7780: result: BSD nm
configure:7784: checking the maximum length of command line arguments
configure:7914: result: 1966080
configure:7931: checking whether the shell understands some XSI constructs
configure:7941: result: yes
configure:7945: checking whether the shell understands "+="
configure:7951: result: yes
configure:7986: checking how to convert aarch64-unknown-linux-gnu file names to aarch64-unknown-linux-gnu format
configure:8026: result: func_convert_file_noop
configure:8033: checking how to convert aarch64-unknown-linux-gnu file names to toolchain format
configure:8053: result: func_convert_file_noop
configure:8060: checking for /opt/tools-hackathon/arm/compilers/gcc-11.2.0_Generic-AArch64_RHEL-7_aarch64-linux/aarch64-linux-gnu/bin/ld option to reload object files
configure:8067: result: -r
configure:8141: checking for objdump
configure:8157: found /opt/tools-hackathon/arm/compilers/gcc-11.2.0_Generic-AArch64_RHEL-7_aarch64-linux/bin/objdump
configure:8168: result: objdump
configure:8197: checking how to recognize dependent libraries
configure:8399: result: pass_all
configure:8484: checking for dlltool
configure:8514: result: no
configure:8541: checking how to associate runtime and link libraries
configure:8568: result: printf %s\n
configure:8692: checking for archiver @FILE support
configure:8709: mpicc -c -funsigned-char -W -Wall -Wshadow -Wpointer-arith -Wcast-qual -Wcast-align -Wwrite-strings -Wstrict-prototypes -Wmissing-prototypes -Wmissing-declarations -Wnested-externs -Wunused -Wfloat-equal -Werror=implicit-function-declaration -Wmisleading-indentation -Wduplicated-cond -fdiagnostics-color=auto -Werror=format-security    -D_POSIX_C_SOURCE=200809L -DNDEBUG conftest.c >&5
conftest.c:16:1: warning: function declaration isn't a prototype [-Wstrict-prototypes]
   16 | main ()
      | ^~~~
configure:8709: $? = 0
configure:8712: ar cru libconftest.a @conftest.lst >&5
configure:8715: $? = 0
configure:8720: ar cru libconftest.a @conftest.lst >&5
ar: conftest.o: No such file or directory
configure:8723: $? = 1
configure:8735: result: @
configure:8793: checking for strip
configure:8809: found /opt/tools-hackathon/arm/compilers/gcc-11.2.0_Generic-AArch64_RHEL-7_aarch64-linux/bin/strip
configure:8820: result: strip
configure:8892: checking for ranlib
configure:8908: found /opt/tools-hackathon/arm/compilers/gcc-11.2.0_Generic-AArch64_RHEL-7_aarch64-linux/bin/ranlib
configure:8919: result: ranlib
configure:9021: checking command to parse /opt/tools-hackathon/arm/compilers/gcc-11.2.0_Generic-AArch64_RHEL-7_aarch64-linux/bin/nm -B output from mpicc object
configure:9141: mpicc -c -funsigned-char -W -Wall -Wshadow -Wpointer-arith -Wcast-qual -Wcast-align -Wwrite-strings -Wstrict-prototypes -Wmissing-prototypes -Wmissing-declarations -Wnested-externs -Wunused -Wfloat-equal -Werror=implicit-function-declaration -Wmisleading-indentation -Wduplicated-cond -fdiagnostics-color=auto -Werror=format-security    -D_POSIX_C_SOURCE=200809L -DNDEBUG conftest.c >&5
conftest.c:10:5: warning: function declaration isn't a prototype [-Wstrict-prototypes]
   10 | int main(){nm_test_var='a';nm_test_func();return(0);}
      |     ^~~~
configure:9144: $? = 0
configure:9148: /opt/tools-hackathon/arm/compilers/gcc-11.2.0_Generic-AArch64_RHEL-7_aarch64-linux/bin/nm -B conftest.o \| sed -n -e 's/^.*[ ]\([ABCDGIRSTW][ABCDGIRSTW]*\)[ ][ ]*\([_A-Za-z][_A-Za-z0-9]*\)$/\1 \2 \2/p' | sed '/ __gnu_lto/d' \> conftest.nm
configure:9151: $? = 0
configure:9217: mpicc -o conftest -funsigned-char -W -Wall -Wshadow -Wpointer-arith -Wcast-qual -Wcast-align -Wwrite-strings -Wstrict-prototypes -Wmissing-prototypes -Wmissing-declarations -Wnested-externs -Wunused -Wfloat-equal -Werror=implicit-function-declaration -Wmisleading-indentation -Wduplicated-cond -fdiagnostics-color=auto -Werror=format-security    -D_POSIX_C_SOURCE=200809L -DNDEBUG   -O conftest.c conftstm.o >&5
conftest.c:18:1: warning: function declaration isn't a prototype [-Wstrict-prototypes]
   18 | extern int nm_test_func();
      | ^~~~~~
configure:9220: $? = 0
configure:9258: result: ok
configure:9295: checking for sysroot
configure:9325: result: no
configure:9581: checking for mt
configure:9611: result: no
configure:9631: checking if : is a manifest tool
configure:9637: : '-?'
configure:9645: result: no
configure:10287: checking how to run the C preprocessor
configure:10318: mpicc -E   -D_POSIX_C_SOURCE=200809L -DNDEBUG conftest.c
configure:10318: $? = 0
configure:10332: mpicc -E   -D_POSIX_C_SOURCE=200809L -DNDEBUG conftest.c
conftest.c:14:10: fatal error: ac_nonexistent.h: No such file or directory
   14 | #include <ac_nonexistent.h>
      |          ^~~~~~~~~~~~~~~~~~
compilation terminated.
configure:10332: $? = 1
configure: failed program was:
| /* confdefs.h */
| #define PACKAGE_NAME "code_saturne"
| #define PACKAGE_TARNAME "code_saturne"
| #define PACKAGE_VERSION "7.2.0"
| #define PACKAGE_STRING "code_saturne 7.2.0"
| #define PACKAGE_BUGREPORT "saturne-support@edf.fr"
| #define PACKAGE_URL "https://code-saturne.org"
| #define PACKAGE "code_saturne"
| #define VERSION "7.2.0"
| #define CS_CC_VERSION_STRING "gcc (GCC) 11.2.0"
| #define CS_CXX_VERSION_STRING "g++ (GCC) 11.2.0"
| #define CS_FC_VERSION_STRING "GNU Fortran (GCC) 11.2.0"
| /* end confdefs.h.  */
| #include <ac_nonexistent.h>
configure:10357: result: mpicc -E
configure:10377: mpicc -E   -D_POSIX_C_SOURCE=200809L -DNDEBUG conftest.c
configure:10377: $? = 0
configure:10391: mpicc -E   -D_POSIX_C_SOURCE=200809L -DNDEBUG conftest.c
conftest.c:14:10: fatal error: ac_nonexistent.h: No such file or directory
   14 | #include <ac_nonexistent.h>
      |          ^~~~~~~~~~~~~~~~~~
compilation terminated.
configure:10391: $? = 1
configure: failed program was:
| /* confdefs.h */
| #define PACKAGE_NAME "code_saturne"
| #define PACKAGE_TARNAME "code_saturne"
| #define PACKAGE_VERSION "7.2.0"
| #define PACKAGE_STRING "code_saturne 7.2.0"
| #define PACKAGE_BUGREPORT "saturne-support@edf.fr"
| #define PACKAGE_URL "https://code-saturne.org"
| #define PACKAGE "code_saturne"
| #define VERSION "7.2.0"
| #define CS_CC_VERSION_STRING "gcc (GCC) 11.2.0"
| #define CS_CXX_VERSION_STRING "g++ (GCC) 11.2.0"
| #define CS_FC_VERSION_STRING "GNU Fortran (GCC) 11.2.0"
| /* end confdefs.h.  */
| #include <ac_nonexistent.h>
configure:10420: checking for ANSI C header files
configure:10440: mpicc -c -funsigned-char -W -Wall -Wshadow -Wpointer-arith -Wcast-qual -Wcast-align -Wwrite-strings -Wstrict-prototypes -Wmissing-prototypes -Wmissing-declarations -Wnested-externs -Wunused -Wfloat-equal -Werror=implicit-function-declaration -Wmisleading-indentation -Wduplicated-cond -fdiagnostics-color=auto -Werror=format-security    -D_POSIX_C_SOURCE=200809L -DNDEBUG conftest.c >&5
conftest.c:20:1: warning: function declaration isn't a prototype [-Wstrict-prototypes]
   20 | main ()
      | ^~~~
configure:10440: $? = 0
configure:10513: mpicc -o conftest -funsigned-char -W -Wall -Wshadow -Wpointer-arith -Wcast-qual -Wcast-align -Wwrite-strings -Wstrict-prototypes -Wmissing-prototypes -Wmissing-declarations -Wnested-externs -Wunused -Wfloat-equal -Werror=implicit-function-declaration -Wmisleading-indentation -Wduplicated-cond -fdiagnostics-color=auto -Werror=format-security    -D_POSIX_C_SOURCE=200809L -DNDEBUG   -O conftest.c   >&5
conftest.c:26:1: warning: function declaration isn't a prototype [-Wstrict-prototypes]
   26 | main ()
      | ^~~~
configure:10513: $? = 0
configure:10513: ./conftest
configure:10513: $? = 0
configure:10524: result: yes
configure:10537: checking for sys/types.h
configure:10537: mpicc -c -funsigned-char -W -Wall -Wshadow -Wpointer-arith -Wcast-qual -Wcast-align -Wwrite-strings -Wstrict-prototypes -Wmissing-prototypes -Wmissing-declarations -Wnested-externs -Wunused -Wfloat-equal -Werror=implicit-function-declaration -Wmisleading-indentation -Wduplicated-cond -fdiagnostics-color=auto -Werror=format-security    -D_POSIX_C_SOURCE=200809L -DNDEBUG conftest.c >&5
configure:10537: $? = 0
configure:10537: result: yes
configure:10537: checking for sys/stat.h
configure:10537: mpicc -c -funsigned-char -W -Wall -Wshadow -Wpointer-arith -Wcast-qual -Wcast-align -Wwrite-strings -Wstrict-prototypes -Wmissing-prototypes -Wmissing-declarations -Wnested-externs -Wunused -Wfloat-equal -Werror=implicit-function-declaration -Wmisleading-indentation -Wduplicated-cond -fdiagnostics-color=auto -Werror=format-security    -D_POSIX_C_SOURCE=200809L -DNDEBUG conftest.c >&5
configure:10537: $? = 0
configure:10537: result: yes
configure:10537: checking for stdlib.h

## ---------------- ##
## Cache variables. ##
## ---------------- ##

ac_cv_build=aarch64-unknown-linux-gnu
ac_cv_c_compiler_gnu=yes
ac_cv_cxx_compiler_gnu=yes
ac_cv_env_BIBTEX_set=
ac_cv_env_BIBTEX_value=
ac_cv_env_CCC_set=
ac_cv_env_CCC_value=
ac_cv_env_CC_set=set
ac_cv_env_CC_value=mpicc
ac_cv_env_CFLAGS_set=
ac_cv_env_CFLAGS_value=
ac_cv_env_CMAKE_set=
ac_cv_env_CMAKE_value=
ac_cv_env_CPPFLAGS_set=
ac_cv_env_CPPFLAGS_value=
ac_cv_env_CPP_set=
ac_cv_env_CPP_value=
ac_cv_env_CXXCPP_set=
ac_cv_env_CXXCPP_value=
ac_cv_env_CXXFLAGS_set=
ac_cv_env_CXXFLAGS_value=
ac_cv_env_CXX_set=set
ac_cv_env_CXX_value=mpic++
ac_cv_env_DOT_set=
ac_cv_env_DOT_value=
ac_cv_env_DOXYGEN_set=
ac_cv_env_DOXYGEN_value=
ac_cv_env_FCFLAGS_set=
ac_cv_env_FCFLAGS_value=
ac_cv_env_FC_set=set
ac_cv_env_FC_value=gfortran
ac_cv_env_LDFLAGS_set=
ac_cv_env_LDFLAGS_value=
ac_cv_env_LIBS_set=
ac_cv_env_LIBS_value=
ac_cv_env_MAKEINDEX_set=
ac_cv_env_MAKEINDEX_value=
ac_cv_env_PDFLATEX_set=
ac_cv_env_PDFLATEX_value=
ac_cv_env_PYRCC4_set=
ac_cv_env_PYRCC4_value=
ac_cv_env_PYRCC5_set=
ac_cv_env_PYRCC5_value=
ac_cv_env_PYTHON_set=
ac_cv_env_PYTHON_value=
ac_cv_env_PYUIC4_set=
ac_cv_env_PYUIC4_value=
ac_cv_env_PYUIC5_set=
ac_cv_env_PYUIC5_value=
ac_cv_env_SALOMEENVCMD_set=
ac_cv_env_SALOMEENVCMD_value=
ac_cv_env_SPHINXBUILD_set=
ac_cv_env_SPHINXBUILD_value=
ac_cv_env_build_alias_set=
ac_cv_env_build_alias_value=
ac_cv_env_host_alias_set=
ac_cv_env_host_alias_value=
ac_cv_env_target_alias_set=
ac_cv_env_target_alias_value=
ac_cv_fc_compiler_gnu=yes
ac_cv_header_stdc=yes
ac_cv_header_sys_stat_h=yes
ac_cv_header_sys_types_h=yes
ac_cv_host=aarch64-unknown-linux-gnu
ac_cv_objext=o
ac_cv_path_EGREP='/usr/bin/grep -E'
ac_cv_path_FGREP='/usr/bin/grep -F'
ac_cv_path_GREP=/usr/bin/grep
ac_cv_path_MODULECMD=/usr/bin/modulecmd
ac_cv_path_SED=/usr/bin/sed
ac_cv_path_install='/usr/bin/install -c'
ac_cv_path_mkdir=/usr/bin/mkdir
ac_cv_prog_AWK=gawk
ac_cv_prog_CPP='mpicc -E'
ac_cv_prog_ac_ct_AR=ar
ac_cv_prog_ac_ct_CC=mpicc
ac_cv_prog_ac_ct_OBJDUMP=objdump
ac_cv_prog_ac_ct_RANLIB=ranlib
ac_cv_prog_ac_ct_STRIP=strip
ac_cv_prog_cc_c89=
ac_cv_prog_cc_g=yes
ac_cv_prog_cc_mpicc_c_o=yes
ac_cv_prog_cxx_g=yes
ac_cv_prog_fc_g=yes
ac_cv_prog_make_make_set=yes
ac_cv_target=aarch64-unknown-linux-gnu
am_cv_CC_dependencies_compiler_type=gcc3
am_cv_CXX_dependencies_compiler_type=gcc3
am_cv_ar_interface=ar
am_cv_make_support_nested_variables=yes
am_cv_prog_tar_pax=gnutar
lt_cv_ar_at_file=@
lt_cv_deplibs_check_method=pass_all
lt_cv_file_magic_cmd='$MAGIC_CMD'
lt_cv_file_magic_test_file=
lt_cv_ld_reload_flag=-r
lt_cv_nm_interface='BSD nm'
lt_cv_path_LD=/opt/tools-hackathon/arm/compilers/gcc-11.2.0_Generic-AArch64_RHEL-7_aarch64-linux/aarch64-linux-gnu/bin/ld
lt_cv_path_NM='/opt/tools-hackathon/arm/compilers/gcc-11.2.0_Generic-AArch64_RHEL-7_aarch64-linux/bin/nm -B'
lt_cv_path_mainfest_tool=no
lt_cv_prog_gnu_ld=yes
lt_cv_sharedlib_from_linklib_cmd='printf %s\n'
lt_cv_sys_global_symbol_pipe='sed -n -e '\''s/^.*[	 ]\([ABCDGIRSTW][ABCDGIRSTW]*\)[	 ][	 ]*\([_A-Za-z][_A-Za-z0-9]*\)$/\1 \2 \2/p'\'' | sed '\''/ __gnu_lto/d'\'''
lt_cv_sys_global_symbol_to_c_name_address='sed -n -e '\''s/^: \([^ ]*\)[ ]*$/  {\"\1\", (void *) 0},/p'\'' -e '\''s/^[ABCDGIRSTW]* \([^ ]*\) \([^ ]*\)$/  {"\2", (void *) \&\2},/p'\'''
lt_cv_sys_global_symbol_to_c_name_address_lib_prefix='sed -n -e '\''s/^: \([^ ]*\)[ ]*$/  {\"\1\", (void *) 0},/p'\'' -e '\''s/^[ABCDGIRSTW]* \([^ ]*\) \(lib[^ ]*\)$/  {"\2", (void *) \&\2},/p'\'' -e '\''s/^[ABCDGIRSTW]* \([^ ]*\) \([^ ]*\)$/  {"lib\2", (void *) \&\2},/p'\'''
lt_cv_sys_global_symbol_to_cdecl='sed -n -e '\''s/^T .* \(.*\)$/extern int \1();/p'\'' -e '\''s/^[ABCDGIRSTW]* .* \(.*\)$/extern char \1;/p'\'''
lt_cv_sys_max_cmd_len=1966080
lt_cv_to_host_file_cmd=func_convert_file_noop
lt_cv_to_tool_file_cmd=func_convert_file_noop

## ----------------- ##
## Output variables. ##
## ----------------- ##

ACLOCAL='${SHELL} /userdir/home/alaplanche/code_saturne-7.2.0/build-aux/missing aclocal-1.13'
AMDEPBACKSLASH='\'
AMDEP_FALSE='#'
AMDEP_TRUE=''
AMGXRUNPATH=''
AMGX_CPPFLAGS=''
AMGX_LDFLAGS=''
AMGX_LIBS=''
AMTAR='$${TAR-tar}'
AM_BACKSLASH='\'
AM_DEFAULT_V='$(AM_DEFAULT_VERBOSITY)'
AM_DEFAULT_VERBOSITY='1'
AM_V='$(V)'
AR='ar'
AS=''
AUTOCONF='${SHELL} /userdir/home/alaplanche/code_saturne-7.2.0/build-aux/missing autoconf'
AUTOHEADER='${SHELL} /userdir/home/alaplanche/code_saturne-7.2.0/build-aux/missing autoheader'
AUTOMAKE='${SHELL} /userdir/home/alaplanche/code_saturne-7.2.0/build-aux/missing automake-1.13'
AWK='gawk'
BIBTEX=''
BLASRUNPATH=''
BLAS_CPPFLAGS=''
BLAS_LDFLAGS=''
BLAS_LIBS=''
CATALYSTRUNPATH=''
CATALYST_CPPFLAGS=''
CATALYST_CXXFLAGS=''
CATALYST_LDFLAGS=''
CATALYST_LIBS=''
CC='mpicc'
CCDEPMODE='depmode=gcc3'
CCMRUNPATH=''
CCM_CPPFLAGS=''
CCM_LDFLAGS=''
CCM_LIBS=''
CFLAGS='-funsigned-char -W -Wall -Wshadow -Wpointer-arith -Wcast-qual -Wcast-align -Wwrite-strings -Wstrict-prototypes -Wmissing-prototypes -Wmissing-declarations -Wnested-externs -Wunused -Wfloat-equal -Werror=implicit-function-declaration -Wmisleading-indentation -Wduplicated-cond -fdiagnostics-color=auto -Werror=format-security '
CFLAGS_DBG=''
CFLAGS_HOT='-O3 -fexcess-precision=fast '
CFLAGS_OPT='-O2 -fexcess-precision=fast'
CGNSRUNPATH=''
CGNS_CPPFLAGS=''
CGNS_LDFLAGS=''
CGNS_LIBS=''
CMAKE=''
COOLPROPPYTHONPATH=''
COOLPROPRUNPATH=''
COOLPROP_CPPFLAGS=''
COOLPROP_LDFLAGS=''
COOLPROP_LIBS=''
CPP='mpicc -E'
CPPFLAGS='  -D_POSIX_C_SOURCE=200809L -DNDEBUG'
CS_LD=''
CUDA_CPPFLAGS=''
CUDA_LDFLAGS=''
CUDA_LIBS=''
CXX='mpic++'
CXXCPP=''
CXXDEPMODE='depmode=gcc3'
CXXFLAGS='-W -Wall -Wshadow -Wpointer-arith -Wcast-qual -Wcast-align -Wwrite-strings -Wunused -Wfloat-equal -std=c++11 -Wmisleading-indentation -Wduplicated-cond -fdiagnostics-color=auto '
CXXFLAGS_DBG=''
CXXFLAGS_HOT='-O3'
CXXFLAGS_OPT='-O2'
CXXFLAGS_STD='-funsigned-char'
CYGPATH_W='echo'
DEFS=''
DEPDIR='.deps'
DLLTOOL='false'
DOT=''
DOXYGEN=''
DSYMUTIL=''
DUMPBIN=''
ECHO_C=''
ECHO_N='-n'
ECHO_T=''
EGREP='/usr/bin/grep -E'
EOSRUNPATH=''
EOS_CPPFLAGS=''
EOS_LDFLAGS=''
EOS_LIBS=''
EXEEXT=''
FC='gfortran'
FCFLAGS='-x f95-cpp-input -Wall -pedantic-errors -std=f2008 -fdiagnostics-color=auto '
FCFLAGS_DBG=''
FCFLAGS_HOT='-O2 '
FCFLAGS_OPT='-O'
FCLIBS=''
FCMODEXT=''
FCMODINCLUDE=''
FGREP='/usr/bin/grep -F'
FREESTEAMRUNPATH=''
FREESTEAM_CPPFLAGS=''
FREESTEAM_LDFLAGS=''
FREESTEAM_LIBS=''
GREP='/usr/bin/grep'
HAVE_ACCEL_FALSE=''
HAVE_ACCEL_TRUE=''
HAVE_AMGX_FALSE=''
HAVE_AMGX_TRUE=''
HAVE_BACKEND_FALSE=''
HAVE_BACKEND_TRUE=''
HAVE_CATALYST_FALSE=''
HAVE_CATALYST_TRUE=''
HAVE_CCM_FALSE=''
HAVE_CCM_TRUE=''
HAVE_CGNS_FALSE=''
HAVE_CGNS_TRUE=''
HAVE_COOLPROP_FALSE=''
HAVE_COOLPROP_TRUE=''
HAVE_CUDA_FALSE=''
HAVE_CUDA_TRUE='#'
HAVE_DOXYGEN_FALSE=''
HAVE_DOXYGEN_TRUE=''
HAVE_EOS_FALSE=''
HAVE_EOS_TRUE=''
HAVE_FREESTEAM_FALSE=''
HAVE_FREESTEAM_TRUE=''
HAVE_FRONTEND_FALSE=''
HAVE_FRONTEND_TRUE=''
HAVE_GUI_FALSE=''
HAVE_GUI_TRUE=''
HAVE_HYPRE_FALSE=''
HAVE_HYPRE_TRUE=''
HAVE_INTERNAL_PLE_FALSE=''
HAVE_INTERNAL_PLE_TRUE=''
HAVE_LATEX_FALSE=''
HAVE_LATEX_TRUE=''
HAVE_LINK_CXX_FALSE=''
HAVE_LINK_CXX_TRUE=''
HAVE_MEDCOUPLING_FALSE=''
HAVE_MEDCOUPLING_LOADER_FALSE=''
HAVE_MEDCOUPLING_LOADER_TRUE=''
HAVE_MEDCOUPLING_TRUE=''
HAVE_MED_FALSE=''
HAVE_MED_TRUE=''
HAVE_MELISSA_FALSE=''
HAVE_MELISSA_LEGACY_FALSE=''
HAVE_MELISSA_LEGACY_TRUE=''
HAVE_MELISSA_TRUE=''
HAVE_MKL_FALSE=''
HAVE_MKL_TRUE=''
HAVE_MUMPS_FALSE=''
HAVE_MUMPS_TRUE=''
HAVE_OPENMP_TARGET_FALSE=''
HAVE_OPENMP_TARGET_TRUE=''
HAVE_PARAMEDMEM_FALSE=''
HAVE_PARAMEDMEM_TRUE=''
HAVE_PETSC_FALSE=''
HAVE_PETSC_TRUE=''
HAVE_PLUGINS_FALSE=''
HAVE_PLUGINS_TRUE=''
HAVE_PLUGIN_CATALYST_FALSE=''
HAVE_PLUGIN_CATALYST_TRUE=''
HAVE_PLUGIN_MEDCOUPLING_FALSE=''
HAVE_PLUGIN_MEDCOUPLING_TRUE=''
HAVE_PLUGIN_MELISSA_FALSE=''
HAVE_PLUGIN_MELISSA_TRUE=''
HAVE_QT4_FALSE=''
HAVE_QT4_TRUE=''
HAVE_QT5_FALSE=''
HAVE_QT5_TRUE=''
HAVE_RELOCATABLE_FALSE=''
HAVE_RELOCATABLE_TRUE='#'
HAVE_SHELL_LAUNCHER_FALSE=''
HAVE_SHELL_LAUNCHER_TRUE='#'
HAVE_SPHINX_FALSE=''
HAVE_SPHINX_TRUE=''
HDF5RUNPATH=''
HDF5_CPPFLAGS=''
HDF5_CPPFLAGS_MPI=''
HDF5_LDFLAGS=''
HDF5_LDFLAGS_MPI=''
HDF5_LIBS=''
HDF5_LIBS_MPI=''
HYPRERUNPATH=''
HYPRE_CPPFLAGS=''
HYPRE_LDFLAGS=''
HYPRE_LIBS=''
INSTALL_DATA='${INSTALL} -m 644'
INSTALL_PROGRAM='${INSTALL}'
INSTALL_SCRIPT='${INSTALL}'
INSTALL_STRIP_PROGRAM='$(install_sh) -c -s'
LD='/opt/tools-hackathon/arm/compilers/gcc-11.2.0_Generic-AArch64_RHEL-7_aarch64-linux/aarch64-linux-gnu/bin/ld'
LDFLAGS='  -O'
LDRPATH='-Wl,-rpath -Wl,/opt/tools-hackathon/arm/compilers/gcc-11.2.0_Generic-AArch64_RHEL-7_aarch64-linux/lib64/../lib64/opt/tools-hackathon/arm/compilers/gcc-11.2.0_Generic-AArch64_RHEL-7_aarch64-linux/lib64/../lib64'
LIBOBJS=''
LIBS=' '
LIBTOOL=''
LIPO=''
LN_S='ln -s'
LTLIBOBJS=''
MAINT='#'
MAINTAINER_MODE_FALSE=''
MAINTAINER_MODE_TRUE='#'
MAKEINDEX=''
MAKEINFO='${SHELL} /userdir/home/alaplanche/code_saturne-7.2.0/build-aux/missing makeinfo'
MANIFEST_TOOL=':'
MEDCOUPLINGRUNPATH=''
MEDCOUPLING_CPPFLAGS=''
MEDCOUPLING_LDFLAGS=''
MEDCOUPLING_LIBS=''
MEDRUNPATH=''
MED_CPPFLAGS=''
MED_LDFLAGS=''
MED_LIBS=''
MELISSARUNPATH=''
MELISSA_CPPFLAGS=''
MELISSA_LDFLAGS=''
MELISSA_LIBS=''
METISRUNPATH=''
METIS_CPPFLAGS=''
METIS_LDFLAGS=''
METIS_LIBS=''
MKDIR_P='/usr/bin/mkdir -p'
MODULECMD='/usr/bin/modulecmd'
MPI_CPPFLAGS=''
MPI_LDFLAGS=''
MPI_LIBS=''
MUMPSRUNPATH=''
MUMPS_CPPFLAGS=''
MUMPS_LDFLAGS=''
MUMPS_LIBS=''
NEPTUNE_CFD=''
NM='/opt/tools-hackathon/arm/compilers/gcc-11.2.0_Generic-AArch64_RHEL-7_aarch64-linux/bin/nm -B'
NMEDIT=''
NVCC=''
NVCCCFLAGS_HOT=''
NVCCFLAGS=''
NVCCFLAGS_DBG=''
NVCCFLAGS_OPT=''
OBJDUMP='objdump'
OBJEXT='o'
OTOOL64=''
OTOOL=''
PACKAGE='code_saturne'
PACKAGE_BUGREPORT='saturne-support@edf.fr'
PACKAGE_NAME='code_saturne'
PACKAGE_STRING='code_saturne 7.2.0'
PACKAGE_TARNAME='code_saturne'
PACKAGE_URL='https://code-saturne.org'
PACKAGE_VERSION='7.2.0'
PATH_SEPARATOR=':'
PDFLATEX=''
PETSC_CPPFLAGS=''
PETSC_LDFLAGS=''
PETSC_LIBS=''
PLE_CPPFLAGS=''
PLE_LDFLAGS=''
PLE_LIBS=''
POW_LIB=''
PYRCC4=''
PYRCC5=''
PYTHON=''
PYTHON_EXEC_PREFIX=''
PYTHON_PLATFORM=''
PYTHON_PREFIX=''
PYTHON_VERSION=''
PYUIC4=''
PYUIC5=''
RANLIB='ranlib'
SALOMEENVCMD=''
SCOTCHRUNPATH=''
SCOTCH_CPPFLAGS=''
SCOTCH_LDFLAGS=''
SCOTCH_LIBS=''
SED='/usr/bin/sed'
SET_MAKE=''
SHELL='/bin/sh'
SPHINXBUILD=''
STRIP='strip'
VERSION='7.2.0'
ac_ct_AR='ar'
ac_ct_CC='mpicc'
ac_ct_CXX=''
ac_ct_DUMPBIN=''
ac_ct_FC=''
am__EXEEXT_FALSE=''
am__EXEEXT_TRUE=''
am__fastdepCC_FALSE='#'
am__fastdepCC_TRUE=''
am__fastdepCXX_FALSE='#'
am__fastdepCXX_TRUE=''
am__include='include'
am__isrc=' -I$(srcdir)'
am__leading_dot='.'
am__nodep='_no'
am__quote=''
am__tar='tar --format=posix -chf - "$$tardir"'
am__untar='tar -xf -'
bindir='${exec_prefix}/bin'
build='aarch64-unknown-linux-gnu'
build_alias=''
build_cpu='aarch64'
build_os='linux-gnu'
build_vendor='unknown'
cgns_prefix=''
coolprop_prefix=''
cs_cc_version_string='gcc (GCC) 11.2.0'
cs_cxx_version_string='g++ (GCC) 11.2.0'
cs_enable_mathjax=''
cs_env_modules=' binutils/11.2.0 gnu/11.2.0 armpl/22.1.0'
cs_fc_version_string='GNU Fortran (GCC) 11.2.0'
cs_have_amgx=''
cs_have_backend=''
cs_have_blas=''
cs_have_catalyst=''
cs_have_ccm=''
cs_have_cgns=''
cs_have_coolprop=''
cs_have_cublas='no'
cs_have_cuda='no'
cs_have_cusparse='no'
cs_have_dot=''
cs_have_doxygen=''
cs_have_eos=''
cs_have_freesteam=''
cs_have_frontend=''
cs_have_gui=''
cs_have_gui_qt4=''
cs_have_gui_qt5=''
cs_have_hdf5=''
cs_have_hypre=''
cs_have_latex=''
cs_have_long_gnum=''
cs_have_long_lnum=''
cs_have_med=''
cs_have_medcoupling=''
cs_have_medcoupling_loader=''
cs_have_melissa=''
cs_have_metis=''
cs_have_mpi=''
cs_have_mumps=''
cs_have_openmp=''
cs_have_openmp_target=''
cs_have_paramedmem=''
cs_have_petsc=''
cs_have_scotch=''
cs_have_sphinx=''
cs_nvcc_version_string=''
cs_py_have_plugin_catalyst=''
cs_py_have_plugin_medcoupling=''
cs_py_have_plugin_melissa=''
cs_py_have_plugins=''
cs_special_user_link=''
cs_tex_path_end=''
cs_tex_path_sep=''
cs_version_short=''
datadir='${datarootdir}'
datarootdir='${prefix}/share'
debug='no'
docdir='${datarootdir}/doc/${PACKAGE_TARNAME}'
dvidir='${docdir}'
enable_shared=''
eos_prefix=''
exec_prefix='NONE'
freesteam_prefix=''
hdf5_prefix=''
host='aarch64-unknown-linux-gnu'
host_alias=''
host_cpu='aarch64'
host_os='linux-gnu'
host_vendor='unknown'
htmldir='${docdir}'
includedir='${prefix}/include'
infodir='${datarootdir}/info'
install_sh='${SHELL} /userdir/home/alaplanche/code_saturne-7.2.0/build-aux/install-sh'
libdir='${exec_prefix}/lib'
libexecdir='${exec_prefix}/libexec'
localedir='${datarootdir}/locale'
localstatedir='${prefix}/var'
mandir='${datarootdir}/man'
med_prefix=''
metis_prefix=''
mkdir_p='$(MKDIR_P)'
mpi_bindir=''
mpi_libdir=''
mpi_prefix=''
mpi_type=''
oldincludedir='/usr/include'
pdfdir='${docdir}'
pkgpyexecdir=''
pkgpythondir=''
ple_docdir=''
ple_type=''
prefix='/userdir/home/alaplanche/code_saturne-7.2.0'
profile='no'
program_transform_name='s,x,x,'
psdir='${docdir}'
pyexecdir=''
pythondir=''
pythonversion=''
relocatable='no'
sbindir='${exec_prefix}/sbin'
scotch_prefix=''
sharedstatedir='${prefix}/com'
shell_env='no'
subdirs=''
sysconfdir='${prefix}/etc'
target='aarch64-unknown-linux-gnu'
target_alias=''
target_cpu='aarch64'
target_os='linux-gnu'
target_vendor='unknown'
win_prefix=''

## ----------- ##
## confdefs.h. ##
## ----------- ##

/* confdefs.h */
#define PACKAGE_NAME "code_saturne"
#define PACKAGE_TARNAME "code_saturne"
#define PACKAGE_VERSION "7.2.0"
#define PACKAGE_STRING "code_saturne 7.2.0"
#define PACKAGE_BUGREPORT "saturne-support@edf.fr"
#define PACKAGE_URL "https://code-saturne.org"
#define PACKAGE "code_saturne"
#define VERSION "7.2.0"
#define CS_CC_VERSION_STRING "gcc (GCC) 11.2.0"
#define CS_CXX_VERSION_STRING "g++ (GCC) 11.2.0"
#define CS_FC_VERSION_STRING "GNU Fortran (GCC) 11.2.0"
#define STDC_HEADERS 1
#define HAVE_SYS_TYPES_H 1
#define HAVE_SYS_STAT_H 1

configure: caught signal 2
configure: exit 1

## ---------------------- ##
## Running config.status. ##
## ---------------------- ##

This file was extended by code_saturne config.status 7.2.0, which was
generated by GNU Autoconf 2.69.  Invocation command line was

  CONFIG_FILES    = 
  CONFIG_HEADERS  = 
  CONFIG_LINKS    = 
  CONFIG_COMMANDS = 
  $ ./config.status Makefile

on ip-10-8-15-90

config.status:1605: creating Makefile
