This file contains any messages produced by compilers while
running configure, to aid debugging if configure makes a mistake.

It was created by ple  2.0.4-alpha, which was
generated by GNU Autoconf 2.69.  Invocation command line was

  $ ../../../code_saturne-7.2.0/libple/configure --disable-option-checking --prefix=/userdir/home/skone/code_saturne-7.2.0 CC=mpicc CXX=mpic++ --with-blas-libs=/opt/tools-hackathon/arm/compilers/armpl-22.1.0_AArch64_RHEL-7_arm-linux-compiler_aarch64-linux/include --disable-gui --without-med --without-hfd5 --without-cgns --without-metis --disable-salome --without-salome --without-eos --disable-static --enable-long-gnum FC=gfortran --cache-file=/dev/null --srcdir=../../../code_saturne-7.2.0/libple

## --------- ##
## Platform. ##
## --------- ##

hostname = ip-10-8-15-90
uname -m = aarch64
uname -r = 5.10.149-133.644.amzn2.aarch64
uname -s = Linux
uname -v = #1 SMP Tue Oct 18 16:52:38 UTC 2022

/usr/bin/uname -p = aarch64
/bin/uname -X     = unknown

/bin/arch              = aarch64
/usr/bin/arch -k       = unknown
/usr/convex/getsysinfo = unknown
/usr/bin/hostinfo      = unknown
/bin/machine           = unknown
/usr/bin/oslevel       = unknown
/bin/universe          = unknown

PATH: /opt/tools-hackathon/openmpi/acfl/bin
PATH: /opt/tools-hackathon/arm/compilers/arm-linux-compiler-22.1_Generic-AArch64_RHEL-7_aarch64-linux/bin
PATH: /opt/tools-hackathon/arm/compilers/gcc-11.2.0_Generic-AArch64_RHEL-7_aarch64-linux/binutils_bin
PATH: /opt/arm/armpl/gcc/9.3.0/bin
PATH: /opt/tools-hackathon/arm/forge/bin
PATH: /usr/lib64/qt-3.3/bin
PATH: /opt/amazon/openmpi/bin/
PATH: /opt/amazon/efa/bin/
PATH: /usr/local/bin
PATH: /usr/bin
PATH: /usr/local/sbin
PATH: /usr/sbin
PATH: /sbin
PATH: /bin
PATH: /opt/aws/bin
PATH: /opt/parallelcluster/pyenv/versions/3.7.10/envs/awsbatch_virtualenv/bin
PATH: /opt/parallelcluster/pyenv/versions/3.7.10/envs/cfn_bootstrap_virtualenv/bin
PATH: /opt/slurm/bin
PATH: /userdir/home/skone/.local/bin
PATH: /userdir/home/skone/bin


## ----------- ##
## Core tests. ##
## ----------- ##

:2495: checking build system type
:2509: result: aarch64-unknown-linux-gnu
:2529: checking host system type
:2542: result: aarch64-unknown-linux-gnu
:2562: checking target system type
:2575: result: aarch64-unknown-linux-gnu
:2624: checking for a BSD-compatible install
:2692: result: /usr/bin/install -c
:2703: checking whether build environment is sane
:2758: result: yes
:2909: checking for a thread-safe mkdir -p
:2948: result: /usr/bin/mkdir -p
:2955: checking for gawk
:2971: found /usr/bin/gawk
:2982: result: gawk
:2993: checking whether make sets $(MAKE)
:3015: result: yes
:3044: checking whether make supports nested variables
:3061: result: yes
:3140: checking how to create a pax tar archive
:3151: tar --version
tar (GNU tar) 1.26
Copyright (C) 2011 Free Software Foundation, Inc.
License GPLv3+: GNU GPL version 3 or later <http://gnu.org/licenses/gpl.html>.
This is free software: you are free to change and redistribute it.
There is NO WARRANTY, to the extent permitted by law.

Written by John Gilmore and Jay Fenlason.
:3154: $? = 0
:3194: tardir=conftest.dir && eval tar --format=posix -chf - "$tardir" >conftest.tar
:3197: $? = 0
:3201: tar -xf - <conftest.tar
:3204: $? = 0
:3206: cat conftest.dir/file
GrepMe
:3209: $? = 0
:3222: result: gnutar
:3256: initializing ple_config.h
:3313: checking whether to enable maintainer-specific portions of Makefiles
:3322: result: no
:3349: checking whether make supports nested variables
:3366: result: yes
:3495: checking for gcc
:3522: result: mpicc
:3751: checking for C compiler version
:3760: mpicc --version >&5
Arm C/C++/Fortran Compiler version 22.1 (build number 12) (based on LLVM 13.0.1)
Target: aarch64-unknown-linux-gnu
Thread model: posix
InstalledDir: /opt/tools-hackathon/arm/compilers/arm-linux-compiler-22.1_Generic-AArch64_RHEL-7_aarch64-linux/bin
:3771: $? = 0
:3760: mpicc -v >&5
Arm C/C++/Fortran Compiler version 22.1 (build number 12) (based on LLVM 13.0.1)
Target: aarch64-unknown-linux-gnu
Thread model: posix
InstalledDir: /opt/tools-hackathon/arm/compilers/arm-linux-compiler-22.1_Generic-AArch64_RHEL-7_aarch64-linux/bin
Found candidate GCC installation: /opt/tools-hackathon/arm/compilers/gcc-11.2.0_Generic-AArch64_RHEL-7_aarch64-linux/lib/gcc/aarch64-linux-gnu/11.2.0
Selected GCC installation: /opt/tools-hackathon/arm/compilers/gcc-11.2.0_Generic-AArch64_RHEL-7_aarch64-linux/lib/gcc/aarch64-linux-gnu/11.2.0
Candidate multilib: .;@m64
Selected multilib: .;@m64
Found CUDA installation: /usr/local/cuda, version 11.2
:3771: $? = 0
:3760: mpicc -V >&5
clang-13: error: argument to '-V' is missing (expected 1 value)
clang-13: error: no input files
:3771: $? = 1
:3760: mpicc -qversion >&5
clang-13: error: unknown argument '-qversion'; did you mean '--version'?
clang-13: error: no input files
:3771: $? = 1
:3791: checking whether the C compiler works
:3813: mpicc    conftest.c  >&5
:3817: $? = 0
:3865: result: yes
:3868: checking for C compiler default output file name
:3870: result: a.out
:3876: checking for suffix of executables
:3883: mpicc -o conftest    conftest.c  >&5
:3887: $? = 0
:3909: result: 
:3931: checking whether we are cross compiling
:3939: mpicc -o conftest    conftest.c  >&5
:3943: $? = 0
:3950: ./conftest
:3954: $? = 0
:3969: result: no
:3974: checking for suffix of object files
:3996: mpicc -c   conftest.c >&5
:4000: $? = 0
:4021: result: o
:4025: checking whether we are using the GNU C compiler
:4044: mpicc -c   conftest.c >&5
:4044: $? = 0
:4053: result: yes
:4062: checking whether mpicc accepts -g
:4082: mpicc -c -g  conftest.c >&5
:4082: $? = 0
:4123: result: yes
:4140: checking for mpicc option to accept ISO C89
:4203: mpicc  -c -g -O2  conftest.c >&5
:4203: $? = 0
:4216: result: none needed
:4247: checking for style of include used by make
:4275: result: GNU
:4301: checking dependency style of mpicc
:4412: result: gcc3
:4428: checking whether ln -s works
:4432: result: yes
:4441: checking whether mpicc and cc understand -c and -o together
:4472: mpicc -c conftest.c -o conftest2.o >&5
:4476: $? = 0
:4482: mpicc -c conftest.c -o conftest2.o >&5
:4486: $? = 0
:4497: cc -c conftest.c >&5
:4501: $? = 0
:4509: cc -c conftest.c -o conftest2.o >&5
:4513: $? = 0
:4519: cc -c conftest.c -o conftest2.o >&5
:4523: $? = 0
:4541: result: yes
:4619: checking for ar
:4635: found /opt/tools-hackathon/arm/compilers/gcc-11.2.0_Generic-AArch64_RHEL-7_aarch64-linux/binutils_bin/ar
:4646: result: ar
:4672: checking the archiver (ar) interface
:4682: mpicc -c -g -O2  conftest.c >&5
:4682: $? = 0
:4684: ar cru libconftest.a conftest.o >&5
:4687: $? = 0
:4710: result: ar
:5299: sourcing config/ple_auto_flags.sh (test for known compilers)
:5529: checking how to run the C preprocessor
:5560: mpicc -E  -DNDEBUG conftest.c
:5560: $? = 0
:5574: mpicc -E  -DNDEBUG conftest.c
conftest.c:11:10: fatal error: 'ac_nonexistent.h' file not found
#include <ac_nonexistent.h>
         ^~~~~~~~~~~~~~~~~~
1 error generated.
:5574: $? = 1
: failed program was:
| /* confdefs.h */
| #define PACKAGE_NAME "ple"
| #define PACKAGE_TARNAME "ple"
| #define PACKAGE_VERSION "2.0.4-alpha"
| #define PACKAGE_STRING "ple 2.0.4-alpha"
| #define PACKAGE_BUGREPORT "saturne-support@edf.fr"
| #define PACKAGE_URL ""
| #define PACKAGE "ple"
| #define VERSION "2.0.4-alpha"
| /* end confdefs.h.  */
| #include <ac_nonexistent.h>
:5599: result: mpicc -E
:5619: mpicc -E  -DNDEBUG conftest.c
:5619: $? = 0
:5633: mpicc -E  -DNDEBUG conftest.c
conftest.c:11:10: fatal error: 'ac_nonexistent.h' file not found
#include <ac_nonexistent.h>
         ^~~~~~~~~~~~~~~~~~
1 error generated.
:5633: $? = 1
: failed program was:
| /* confdefs.h */
| #define PACKAGE_NAME "ple"
| #define PACKAGE_TARNAME "ple"
| #define PACKAGE_VERSION "2.0.4-alpha"
| #define PACKAGE_STRING "ple 2.0.4-alpha"
| #define PACKAGE_BUGREPORT "saturne-support@edf.fr"
| #define PACKAGE_URL ""
| #define PACKAGE "ple"
| #define VERSION "2.0.4-alpha"
| /* end confdefs.h.  */
| #include <ac_nonexistent.h>
:5662: checking for grep that handles long lines and -e
:5720: result: /usr/bin/grep
:5725: checking for egrep
:5787: result: /usr/bin/grep -E
:5792: checking for ANSI C header files
:5812: mpicc -c  -fPIC -DPIC  -DNDEBUG conftest.c >&5
:5812: $? = 0
:5885: mpicc -o conftest  -fPIC -DPIC  -DNDEBUG  -O conftest.c  -lm >&5
:5885: $? = 0
:5885: ./conftest
:5885: $? = 0
:5896: result: yes
:5909: checking for sys/types.h
:5909: mpicc -c  -fPIC -DPIC  -DNDEBUG conftest.c >&5
:5909: $? = 0
:5909: result: yes
:5909: checking for sys/stat.h
:5909: mpicc -c  -fPIC -DPIC  -DNDEBUG conftest.c >&5
:5909: $? = 0
:5909: result: yes
:5909: checking for stdlib.h
:5909: mpicc -c  -fPIC -DPIC  -DNDEBUG conftest.c >&5
:5909: $? = 0
:5909: result: yes
:5909: checking for string.h
:5909: mpicc -c  -fPIC -DPIC  -DNDEBUG conftest.c >&5
:5909: $? = 0
:5909: result: yes
:5909: checking for memory.h
:5909: mpicc -c  -fPIC -DPIC  -DNDEBUG conftest.c >&5
:5909: $? = 0
:5909: result: yes
:5909: checking for strings.h
:5909: mpicc -c  -fPIC -DPIC  -DNDEBUG conftest.c >&5
:5909: $? = 0
:5909: result: yes
:5909: checking for inttypes.h
:5909: mpicc -c  -fPIC -DPIC  -DNDEBUG conftest.c >&5
:5909: $? = 0
:5909: result: yes
:5909: checking for stdint.h
:5909: mpicc -c  -fPIC -DPIC  -DNDEBUG conftest.c >&5
:5909: $? = 0
:5909: result: yes
:5909: checking for unistd.h
:5909: mpicc -c  -fPIC -DPIC  -DNDEBUG conftest.c >&5
:5909: $? = 0
:5909: result: yes
:5924: checking sys/time.h usability
:5924: mpicc -c  -fPIC -DPIC  -DNDEBUG conftest.c >&5
:5924: $? = 0
:5924: result: yes
:5924: checking sys/time.h presence
:5924: mpicc -E  -DNDEBUG conftest.c
:5924: $? = 0
:5924: result: yes
:5924: checking for sys/time.h
:5924: result: yes
:5924: checking for sys/types.h
:5924: result: yes
:5924: checking stddef.h usability
:5924: mpicc -c  -fPIC -DPIC  -DNDEBUG conftest.c >&5
:5924: $? = 0
:5924: result: yes
:5924: checking stddef.h presence
:5924: mpicc -E  -DNDEBUG conftest.c
:5924: $? = 0
:5924: result: yes
:5924: checking for stddef.h
:5924: result: yes
:5939: checking for an ANSI C-conforming const
:6005: mpicc -c  -fPIC -DPIC  -DNDEBUG conftest.c >&5
:6005: $? = 0
:6012: result: yes
:6020: checking for inline
:6036: mpicc -c  -fPIC -DPIC  -DNDEBUG conftest.c >&5
:6036: $? = 0
:6044: result: inline
:6062: checking for size_t
:6062: mpicc -c  -fPIC -DPIC  -DNDEBUG conftest.c >&5
:6062: $? = 0
:6062: mpicc -c  -fPIC -DPIC  -DNDEBUG conftest.c >&5
conftest.c:60:21: error: expected expression
if (sizeof ((size_t)))
                    ^
1 error generated.
:6062: $? = 1
: failed program was:
| /* confdefs.h */
| #define PACKAGE_NAME "ple"
| #define PACKAGE_TARNAME "ple"
| #define PACKAGE_VERSION "2.0.4-alpha"
| #define PACKAGE_STRING "ple 2.0.4-alpha"
| #define PACKAGE_BUGREPORT "saturne-support@edf.fr"
| #define PACKAGE_URL ""
| #define PACKAGE "ple"
| #define VERSION "2.0.4-alpha"
| #define STDC_HEADERS 1
| #define HAVE_SYS_TYPES_H 1
| #define HAVE_SYS_STAT_H 1
| #define HAVE_STDLIB_H 1
| #define HAVE_STRING_H 1
| #define HAVE_MEMORY_H 1
| #define HAVE_STRINGS_H 1
| #define HAVE_INTTYPES_H 1
| #define HAVE_STDINT_H 1
| #define HAVE_UNISTD_H 1
| #define HAVE_SYS_TIME_H 1
| #define HAVE_SYS_TYPES_H 1
| #define HAVE_STDDEF_H 1
| /* end confdefs.h.  */
| #include <stdio.h>
| #ifdef HAVE_SYS_TYPES_H
| # include <sys/types.h>
| #endif
| #ifdef HAVE_SYS_STAT_H
| # include <sys/stat.h>
| #endif
| #ifdef STDC_HEADERS
| # include <stdlib.h>
| # include <stddef.h>
| #else
| # ifdef HAVE_STDLIB_H
| #  include <stdlib.h>
| # endif
| #endif
| #ifdef HAVE_STRING_H
| # if !defined STDC_HEADERS && defined HAVE_MEMORY_H
| #  include <memory.h>
| # endif
| # include <string.h>
| #endif
| #ifdef HAVE_STRINGS_H
| # include <strings.h>
| #endif
| #ifdef HAVE_INTTYPES_H
| # include <inttypes.h>
| #endif
| #ifdef HAVE_STDINT_H
| # include <stdint.h>
| #endif
| #ifdef HAVE_UNISTD_H
| # include <unistd.h>
| #endif
| int
| main ()
| {
| if (sizeof ((size_t)))
| 	    return 0;
|   ;
|   return 0;
| }
:6062: result: yes
:6073: checking for pid_t
:6073: mpicc -c  -fPIC -DPIC  -DNDEBUG conftest.c >&5
:6073: $? = 0
:6073: mpicc -c  -fPIC -DPIC  -DNDEBUG conftest.c >&5
conftest.c:60:20: error: expected expression
if (sizeof ((pid_t)))
                   ^
1 error generated.
:6073: $? = 1
: failed program was:
| /* confdefs.h */
| #define PACKAGE_NAME "ple"
| #define PACKAGE_TARNAME "ple"
| #define PACKAGE_VERSION "2.0.4-alpha"
| #define PACKAGE_STRING "ple 2.0.4-alpha"
| #define PACKAGE_BUGREPORT "saturne-support@edf.fr"
| #define PACKAGE_URL ""
| #define PACKAGE "ple"
| #define VERSION "2.0.4-alpha"
| #define STDC_HEADERS 1
| #define HAVE_SYS_TYPES_H 1
| #define HAVE_SYS_STAT_H 1
| #define HAVE_STDLIB_H 1
| #define HAVE_STRING_H 1
| #define HAVE_MEMORY_H 1
| #define HAVE_STRINGS_H 1
| #define HAVE_INTTYPES_H 1
| #define HAVE_STDINT_H 1
| #define HAVE_UNISTD_H 1
| #define HAVE_SYS_TIME_H 1
| #define HAVE_SYS_TYPES_H 1
| #define HAVE_STDDEF_H 1
| /* end confdefs.h.  */
| #include <stdio.h>
| #ifdef HAVE_SYS_TYPES_H
| # include <sys/types.h>
| #endif
| #ifdef HAVE_SYS_STAT_H
| # include <sys/stat.h>
| #endif
| #ifdef STDC_HEADERS
| # include <stdlib.h>
| # include <stddef.h>
| #else
| # ifdef HAVE_STDLIB_H
| #  include <stdlib.h>
| # endif
| #endif
| #ifdef HAVE_STRING_H
| # if !defined STDC_HEADERS && defined HAVE_MEMORY_H
| #  include <memory.h>
| # endif
| # include <string.h>
| #endif
| #ifdef HAVE_STRINGS_H
| # include <strings.h>
| #endif
| #ifdef HAVE_INTTYPES_H
| # include <inttypes.h>
| #endif
| #ifdef HAVE_STDINT_H
| # include <stdint.h>
| #endif
| #ifdef HAVE_UNISTD_H
| # include <unistd.h>
| #endif
| int
| main ()
| {
| if (sizeof ((pid_t)))
| 	    return 0;
|   ;
|   return 0;
| }
:6073: result: yes
:6085: checking for stdbool.h that conforms to C99
:6152: mpicc -c  -fPIC -DPIC  -DNDEBUG conftest.c >&5
conftest.c:73:24: warning: address of 's' will always evaluate to 'true' [-Wpointer-bool-conversion]
             bool e = &s;
                  ~    ^
conftest.c:78:40: warning: address of array 'p' will always evaluate to 'true' [-Wpointer-bool-conversion]
                                      ~^
conftest.c:78:35: warning: address of array 'o' will always evaluate to 'true' [-Wpointer-bool-conversion]
                                 ~^
conftest.c:78:30: warning: address of array 'n' will always evaluate to 'true' [-Wpointer-bool-conversion]
                            ~^
conftest.c:77:63: warning: address of array 'i' will always evaluate to 'true' [-Wpointer-bool-conversion]
             return (!a + !b + !c + !d + !e + !f + !g + !h + !i + !!j + !k + !!l
                                                             ~^
conftest.c:77:58: warning: address of array 'h' will always evaluate to 'true' [-Wpointer-bool-conversion]
             return (!a + !b + !c + !d + !e + !f + !g + !h + !i + !!j + !k + !!l
                                                        ~^
conftest.c:77:53: warning: address of array 'g' will always evaluate to 'true' [-Wpointer-bool-conversion]
             return (!a + !b + !c + !d + !e + !f + !g + !h + !i + !!j + !k + !!l
                                                   ~^
conftest.c:77:48: warning: address of array 'f' will always evaluate to 'true' [-Wpointer-bool-conversion]
             return (!a + !b + !c + !d + !e + !f + !g + !h + !i + !!j + !k + !!l
                                              ~^
conftest.c:77:38: warning: address of array 'd' will always evaluate to 'true' [-Wpointer-bool-conversion]
             return (!a + !b + !c + !d + !e + !f + !g + !h + !i + !!j + !k + !!l
                                    ~^
conftest.c:77:33: warning: address of array 'c' will always evaluate to 'true' [-Wpointer-bool-conversion]
             return (!a + !b + !c + !d + !e + !f + !g + !h + !i + !!j + !k + !!l
                               ~^
conftest.c:77:28: warning: address of array 'b' will always evaluate to 'true' [-Wpointer-bool-conversion]
             return (!a + !b + !c + !d + !e + !f + !g + !h + !i + !!j + !k + !!l
                          ~^
conftest.c:77:23: warning: address of array 'a' will always evaluate to 'true' [-Wpointer-bool-conversion]
             return (!a + !b + !c + !d + !e + !f + !g + !h + !i + !!j + !k + !!l
                     ~^
12 warnings generated.
:6152: $? = 0
:6159: result: yes
:6161: checking for _Bool
:6161: mpicc -c  -fPIC -DPIC  -DNDEBUG conftest.c >&5
:6161: $? = 0
:6161: mpicc -c  -fPIC -DPIC  -DNDEBUG conftest.c >&5
conftest.c:60:20: error: expected expression
if (sizeof ((_Bool)))
                   ^
1 error generated.
:6161: $? = 1
: failed program was:
| /* confdefs.h */
| #define PACKAGE_NAME "ple"
| #define PACKAGE_TARNAME "ple"
| #define PACKAGE_VERSION "2.0.4-alpha"
| #define PACKAGE_STRING "ple 2.0.4-alpha"
| #define PACKAGE_BUGREPORT "saturne-support@edf.fr"
| #define PACKAGE_URL ""
| #define PACKAGE "ple"
| #define VERSION "2.0.4-alpha"
| #define STDC_HEADERS 1
| #define HAVE_SYS_TYPES_H 1
| #define HAVE_SYS_STAT_H 1
| #define HAVE_STDLIB_H 1
| #define HAVE_STRING_H 1
| #define HAVE_MEMORY_H 1
| #define HAVE_STRINGS_H 1
| #define HAVE_INTTYPES_H 1
| #define HAVE_STDINT_H 1
| #define HAVE_UNISTD_H 1
| #define HAVE_SYS_TIME_H 1
| #define HAVE_SYS_TYPES_H 1
| #define HAVE_STDDEF_H 1
| /* end confdefs.h.  */
| #include <stdio.h>
| #ifdef HAVE_SYS_TYPES_H
| # include <sys/types.h>
| #endif
| #ifdef HAVE_SYS_STAT_H
| # include <sys/stat.h>
| #endif
| #ifdef STDC_HEADERS
| # include <stdlib.h>
| # include <stddef.h>
| #else
| # ifdef HAVE_STDLIB_H
| #  include <stdlib.h>
| # endif
| #endif
| #ifdef HAVE_STRING_H
| # if !defined STDC_HEADERS && defined HAVE_MEMORY_H
| #  include <memory.h>
| # endif
| # include <string.h>
| #endif
| #ifdef HAVE_STRINGS_H
| # include <strings.h>
| #endif
| #ifdef HAVE_INTTYPES_H
| # include <inttypes.h>
| #endif
| #ifdef HAVE_STDINT_H
| # include <stdint.h>
| #endif
| #ifdef HAVE_UNISTD_H
| # include <unistd.h>
| #endif
| int
| main ()
| {
| if (sizeof ((_Bool)))
| 	    return 0;
|   ;
|   return 0;
| }
:6161: result: yes
:6179: checking for long long
:6179: mpicc -c  -fPIC -DPIC  -DNDEBUG conftest.c >&5
:6179: $? = 0
:6179: mpicc -c  -fPIC -DPIC  -DNDEBUG conftest.c >&5
conftest.c:62:24: error: expected expression
if (sizeof ((long long)))
                       ^
1 error generated.
:6179: $? = 1
: failed program was:
| /* confdefs.h */
| #define PACKAGE_NAME "ple"
| #define PACKAGE_TARNAME "ple"
| #define PACKAGE_VERSION "2.0.4-alpha"
| #define PACKAGE_STRING "ple 2.0.4-alpha"
| #define PACKAGE_BUGREPORT "saturne-support@edf.fr"
| #define PACKAGE_URL ""
| #define PACKAGE "ple"
| #define VERSION "2.0.4-alpha"
| #define STDC_HEADERS 1
| #define HAVE_SYS_TYPES_H 1
| #define HAVE_SYS_STAT_H 1
| #define HAVE_STDLIB_H 1
| #define HAVE_STRING_H 1
| #define HAVE_MEMORY_H 1
| #define HAVE_STRINGS_H 1
| #define HAVE_INTTYPES_H 1
| #define HAVE_STDINT_H 1
| #define HAVE_UNISTD_H 1
| #define HAVE_SYS_TIME_H 1
| #define HAVE_SYS_TYPES_H 1
| #define HAVE_STDDEF_H 1
| #define HAVE__BOOL 1
| #define HAVE_STDBOOL_H 1
| /* end confdefs.h.  */
| #include <stdio.h>
| #ifdef HAVE_SYS_TYPES_H
| # include <sys/types.h>
| #endif
| #ifdef HAVE_SYS_STAT_H
| # include <sys/stat.h>
| #endif
| #ifdef STDC_HEADERS
| # include <stdlib.h>
| # include <stddef.h>
| #else
| # ifdef HAVE_STDLIB_H
| #  include <stdlib.h>
| # endif
| #endif
| #ifdef HAVE_STRING_H
| # if !defined STDC_HEADERS && defined HAVE_MEMORY_H
| #  include <memory.h>
| # endif
| # include <string.h>
| #endif
| #ifdef HAVE_STRINGS_H
| # include <strings.h>
| #endif
| #ifdef HAVE_INTTYPES_H
| # include <inttypes.h>
| #endif
| #ifdef HAVE_STDINT_H
| # include <stdint.h>
| #endif
| #ifdef HAVE_UNISTD_H
| # include <unistd.h>
| #endif
| int
| main ()
| {
| if (sizeof ((long long)))
| 	    return 0;
|   ;
|   return 0;
| }
:6179: result: yes
:6188: checking for unsigned long long
:6188: mpicc -c  -fPIC -DPIC  -DNDEBUG conftest.c >&5
:6188: $? = 0
:6188: mpicc -c  -fPIC -DPIC  -DNDEBUG conftest.c >&5
conftest.c:63:33: error: expected expression
if (sizeof ((unsigned long long)))
                                ^
1 error generated.
:6188: $? = 1
: failed program was:
| /* confdefs.h */
| #define PACKAGE_NAME "ple"
| #define PACKAGE_TARNAME "ple"
| #define PACKAGE_VERSION "2.0.4-alpha"
| #define PACKAGE_STRING "ple 2.0.4-alpha"
| #define PACKAGE_BUGREPORT "saturne-support@edf.fr"
| #define PACKAGE_URL ""
| #define PACKAGE "ple"
| #define VERSION "2.0.4-alpha"
| #define STDC_HEADERS 1
| #define HAVE_SYS_TYPES_H 1
| #define HAVE_SYS_STAT_H 1
| #define HAVE_STDLIB_H 1
| #define HAVE_STRING_H 1
| #define HAVE_MEMORY_H 1
| #define HAVE_STRINGS_H 1
| #define HAVE_INTTYPES_H 1
| #define HAVE_STDINT_H 1
| #define HAVE_UNISTD_H 1
| #define HAVE_SYS_TIME_H 1
| #define HAVE_SYS_TYPES_H 1
| #define HAVE_STDDEF_H 1
| #define HAVE__BOOL 1
| #define HAVE_STDBOOL_H 1
| #define HAVE_LONG_LONG 1
| /* end confdefs.h.  */
| #include <stdio.h>
| #ifdef HAVE_SYS_TYPES_H
| # include <sys/types.h>
| #endif
| #ifdef HAVE_SYS_STAT_H
| # include <sys/stat.h>
| #endif
| #ifdef STDC_HEADERS
| # include <stdlib.h>
| # include <stddef.h>
| #else
| # ifdef HAVE_STDLIB_H
| #  include <stdlib.h>
| # endif
| #endif
| #ifdef HAVE_STRING_H
| # if !defined STDC_HEADERS && defined HAVE_MEMORY_H
| #  include <memory.h>
| # endif
| # include <string.h>
| #endif
| #ifdef HAVE_STRINGS_H
| # include <strings.h>
| #endif
| #ifdef HAVE_INTTYPES_H
| # include <inttypes.h>
| #endif
| #ifdef HAVE_STDINT_H
| # include <stdint.h>
| #endif
| #ifdef HAVE_UNISTD_H
| # include <unistd.h>
| #endif
| int
| main ()
| {
| if (sizeof ((unsigned long long)))
| 	    return 0;
|   ;
|   return 0;
| }
:6188: result: yes
:6198: checking for int32_t
:6198: mpicc -c  -fPIC -DPIC  -DNDEBUG conftest.c >&5
:6198: $? = 0
:6198: mpicc -c  -fPIC -DPIC  -DNDEBUG conftest.c >&5
conftest.c:64:22: error: expected expression
if (sizeof ((int32_t)))
                     ^
1 error generated.
:6198: $? = 1
: failed program was:
| /* confdefs.h */
| #define PACKAGE_NAME "ple"
| #define PACKAGE_TARNAME "ple"
| #define PACKAGE_VERSION "2.0.4-alpha"
| #define PACKAGE_STRING "ple 2.0.4-alpha"
| #define PACKAGE_BUGREPORT "saturne-support@edf.fr"
| #define PACKAGE_URL ""
| #define PACKAGE "ple"
| #define VERSION "2.0.4-alpha"
| #define STDC_HEADERS 1
| #define HAVE_SYS_TYPES_H 1
| #define HAVE_SYS_STAT_H 1
| #define HAVE_STDLIB_H 1
| #define HAVE_STRING_H 1
| #define HAVE_MEMORY_H 1
| #define HAVE_STRINGS_H 1
| #define HAVE_INTTYPES_H 1
| #define HAVE_STDINT_H 1
| #define HAVE_UNISTD_H 1
| #define HAVE_SYS_TIME_H 1
| #define HAVE_SYS_TYPES_H 1
| #define HAVE_STDDEF_H 1
| #define HAVE__BOOL 1
| #define HAVE_STDBOOL_H 1
| #define HAVE_LONG_LONG 1
| #define HAVE_UNSIGNED_LONG_LONG 1
| /* end confdefs.h.  */
| #include <stdio.h>
| #ifdef HAVE_SYS_TYPES_H
| # include <sys/types.h>
| #endif
| #ifdef HAVE_SYS_STAT_H
| # include <sys/stat.h>
| #endif
| #ifdef STDC_HEADERS
| # include <stdlib.h>
| # include <stddef.h>
| #else
| # ifdef HAVE_STDLIB_H
| #  include <stdlib.h>
| # endif
| #endif
| #ifdef HAVE_STRING_H
| # if !defined STDC_HEADERS && defined HAVE_MEMORY_H
| #  include <memory.h>
| # endif
| # include <string.h>
| #endif
| #ifdef HAVE_STRINGS_H
| # include <strings.h>
| #endif
| #ifdef HAVE_INTTYPES_H
| # include <inttypes.h>
| #endif
| #ifdef HAVE_STDINT_H
| # include <stdint.h>
| #endif
| #ifdef HAVE_UNISTD_H
| # include <unistd.h>
| #endif
| int
| main ()
| {
| if (sizeof ((int32_t)))
| 	    return 0;
|   ;
|   return 0;
| }
:6198: result: yes
:6208: checking for int64_t
:6208: mpicc -c  -fPIC -DPIC  -DNDEBUG conftest.c >&5
:6208: $? = 0
:6208: mpicc -c  -fPIC -DPIC  -DNDEBUG conftest.c >&5
conftest.c:65:22: error: expected expression
if (sizeof ((int64_t)))
                     ^
1 error generated.
:6208: $? = 1
: failed program was:
| /* confdefs.h */
| #define PACKAGE_NAME "ple"
| #define PACKAGE_TARNAME "ple"
| #define PACKAGE_VERSION "2.0.4-alpha"
| #define PACKAGE_STRING "ple 2.0.4-alpha"
| #define PACKAGE_BUGREPORT "saturne-support@edf.fr"
| #define PACKAGE_URL ""
| #define PACKAGE "ple"
| #define VERSION "2.0.4-alpha"
| #define STDC_HEADERS 1
| #define HAVE_SYS_TYPES_H 1
| #define HAVE_SYS_STAT_H 1
| #define HAVE_STDLIB_H 1
| #define HAVE_STRING_H 1
| #define HAVE_MEMORY_H 1
| #define HAVE_STRINGS_H 1
| #define HAVE_INTTYPES_H 1
| #define HAVE_STDINT_H 1
| #define HAVE_UNISTD_H 1
| #define HAVE_SYS_TIME_H 1
| #define HAVE_SYS_TYPES_H 1
| #define HAVE_STDDEF_H 1
| #define HAVE__BOOL 1
| #define HAVE_STDBOOL_H 1
| #define HAVE_LONG_LONG 1
| #define HAVE_UNSIGNED_LONG_LONG 1
| #define HAVE_INT32_T 1
| /* end confdefs.h.  */
| #include <stdio.h>
| #ifdef HAVE_SYS_TYPES_H
| # include <sys/types.h>
| #endif
| #ifdef HAVE_SYS_STAT_H
| # include <sys/stat.h>
| #endif
| #ifdef STDC_HEADERS
| # include <stdlib.h>
| # include <stddef.h>
| #else
| # ifdef HAVE_STDLIB_H
| #  include <stdlib.h>
| # endif
| #endif
| #ifdef HAVE_STRING_H
| # if !defined STDC_HEADERS && defined HAVE_MEMORY_H
| #  include <memory.h>
| # endif
| # include <string.h>
| #endif
| #ifdef HAVE_STRINGS_H
| # include <strings.h>
| #endif
| #ifdef HAVE_INTTYPES_H
| # include <inttypes.h>
| #endif
| #ifdef HAVE_STDINT_H
| # include <stdint.h>
| #endif
| #ifdef HAVE_UNISTD_H
| # include <unistd.h>
| #endif
| int
| main ()
| {
| if (sizeof ((int64_t)))
| 	    return 0;
|   ;
|   return 0;
| }
:6208: result: yes
:6218: checking for uint32_t
:6218: mpicc -c  -fPIC -DPIC  -DNDEBUG conftest.c >&5
:6218: $? = 0
:6218: mpicc -c  -fPIC -DPIC  -DNDEBUG conftest.c >&5
conftest.c:66:23: error: expected expression
if (sizeof ((uint32_t)))
                      ^
1 error generated.
:6218: $? = 1
: failed program was:
| /* confdefs.h */
| #define PACKAGE_NAME "ple"
| #define PACKAGE_TARNAME "ple"
| #define PACKAGE_VERSION "2.0.4-alpha"
| #define PACKAGE_STRING "ple 2.0.4-alpha"
| #define PACKAGE_BUGREPORT "saturne-support@edf.fr"
| #define PACKAGE_URL ""
| #define PACKAGE "ple"
| #define VERSION "2.0.4-alpha"
| #define STDC_HEADERS 1
| #define HAVE_SYS_TYPES_H 1
| #define HAVE_SYS_STAT_H 1
| #define HAVE_STDLIB_H 1
| #define HAVE_STRING_H 1
| #define HAVE_MEMORY_H 1
| #define HAVE_STRINGS_H 1
| #define HAVE_INTTYPES_H 1
| #define HAVE_STDINT_H 1
| #define HAVE_UNISTD_H 1
| #define HAVE_SYS_TIME_H 1
| #define HAVE_SYS_TYPES_H 1
| #define HAVE_STDDEF_H 1
| #define HAVE__BOOL 1
| #define HAVE_STDBOOL_H 1
| #define HAVE_LONG_LONG 1
| #define HAVE_UNSIGNED_LONG_LONG 1
| #define HAVE_INT32_T 1
| #define HAVE_INT64_T 1
| /* end confdefs.h.  */
| #include <stdio.h>
| #ifdef HAVE_SYS_TYPES_H
| # include <sys/types.h>
| #endif
| #ifdef HAVE_SYS_STAT_H
| # include <sys/stat.h>
| #endif
| #ifdef STDC_HEADERS
| # include <stdlib.h>
| # include <stddef.h>
| #else
| # ifdef HAVE_STDLIB_H
| #  include <stdlib.h>
| # endif
| #endif
| #ifdef HAVE_STRING_H
| # if !defined STDC_HEADERS && defined HAVE_MEMORY_H
| #  include <memory.h>
| # endif
| # include <string.h>
| #endif
| #ifdef HAVE_STRINGS_H
| # include <strings.h>
| #endif
| #ifdef HAVE_INTTYPES_H
| # include <inttypes.h>
| #endif
| #ifdef HAVE_STDINT_H
| # include <stdint.h>
| #endif
| #ifdef HAVE_UNISTD_H
| # include <unistd.h>
| #endif
| int
| main ()
| {
| if (sizeof ((uint32_t)))
| 	    return 0;
|   ;
|   return 0;
| }
:6218: result: yes
:6228: checking for uint64_t
:6228: mpicc -c  -fPIC -DPIC  -DNDEBUG conftest.c >&5
:6228: $? = 0
:6228: mpicc -c  -fPIC -DPIC  -DNDEBUG conftest.c >&5
conftest.c:67:23: error: expected expression
if (sizeof ((uint64_t)))
                      ^
1 error generated.
:6228: $? = 1
: failed program was:
| /* confdefs.h */
| #define PACKAGE_NAME "ple"
| #define PACKAGE_TARNAME "ple"
| #define PACKAGE_VERSION "2.0.4-alpha"
| #define PACKAGE_STRING "ple 2.0.4-alpha"
| #define PACKAGE_BUGREPORT "saturne-support@edf.fr"
| #define PACKAGE_URL ""
| #define PACKAGE "ple"
| #define VERSION "2.0.4-alpha"
| #define STDC_HEADERS 1
| #define HAVE_SYS_TYPES_H 1
| #define HAVE_SYS_STAT_H 1
| #define HAVE_STDLIB_H 1
| #define HAVE_STRING_H 1
| #define HAVE_MEMORY_H 1
| #define HAVE_STRINGS_H 1
| #define HAVE_INTTYPES_H 1
| #define HAVE_STDINT_H 1
| #define HAVE_UNISTD_H 1
| #define HAVE_SYS_TIME_H 1
| #define HAVE_SYS_TYPES_H 1
| #define HAVE_STDDEF_H 1
| #define HAVE__BOOL 1
| #define HAVE_STDBOOL_H 1
| #define HAVE_LONG_LONG 1
| #define HAVE_UNSIGNED_LONG_LONG 1
| #define HAVE_INT32_T 1
| #define HAVE_INT64_T 1
| #define HAVE_UINT32_T 1
| /* end confdefs.h.  */
| #include <stdio.h>
| #ifdef HAVE_SYS_TYPES_H
| # include <sys/types.h>
| #endif
| #ifdef HAVE_SYS_STAT_H
| # include <sys/stat.h>
| #endif
| #ifdef STDC_HEADERS
| # include <stdlib.h>
| # include <stddef.h>
| #else
| # ifdef HAVE_STDLIB_H
| #  include <stdlib.h>
| # endif
| #endif
| #ifdef HAVE_STRING_H
| # if !defined STDC_HEADERS && defined HAVE_MEMORY_H
| #  include <memory.h>
| # endif
| # include <string.h>
| #endif
| #ifdef HAVE_STRINGS_H
| # include <strings.h>
| #endif
| #ifdef HAVE_INTTYPES_H
| # include <inttypes.h>
| #endif
| #ifdef HAVE_STDINT_H
| # include <stdint.h>
| #endif
| #ifdef HAVE_UNISTD_H
| # include <unistd.h>
| #endif
| int
| main ()
| {
| if (sizeof ((uint64_t)))
| 	    return 0;
|   ;
|   return 0;
| }
:6228: result: yes
:6238: checking for ptrdiff_t
:6238: mpicc -c  -fPIC -DPIC  -DNDEBUG conftest.c >&5
:6238: $? = 0
:6238: mpicc -c  -fPIC -DPIC  -DNDEBUG conftest.c >&5
conftest.c:68:24: error: expected expression
if (sizeof ((ptrdiff_t)))
                       ^
1 error generated.
:6238: $? = 1
: failed program was:
| /* confdefs.h */
| #define PACKAGE_NAME "ple"
| #define PACKAGE_TARNAME "ple"
| #define PACKAGE_VERSION "2.0.4-alpha"
| #define PACKAGE_STRING "ple 2.0.4-alpha"
| #define PACKAGE_BUGREPORT "saturne-support@edf.fr"
| #define PACKAGE_URL ""
| #define PACKAGE "ple"
| #define VERSION "2.0.4-alpha"
| #define STDC_HEADERS 1
| #define HAVE_SYS_TYPES_H 1
| #define HAVE_SYS_STAT_H 1
| #define HAVE_STDLIB_H 1
| #define HAVE_STRING_H 1
| #define HAVE_MEMORY_H 1
| #define HAVE_STRINGS_H 1
| #define HAVE_INTTYPES_H 1
| #define HAVE_STDINT_H 1
| #define HAVE_UNISTD_H 1
| #define HAVE_SYS_TIME_H 1
| #define HAVE_SYS_TYPES_H 1
| #define HAVE_STDDEF_H 1
| #define HAVE__BOOL 1
| #define HAVE_STDBOOL_H 1
| #define HAVE_LONG_LONG 1
| #define HAVE_UNSIGNED_LONG_LONG 1
| #define HAVE_INT32_T 1
| #define HAVE_INT64_T 1
| #define HAVE_UINT32_T 1
| #define HAVE_UINT64_T 1
| /* end confdefs.h.  */
| #include <stdio.h>
| #ifdef HAVE_SYS_TYPES_H
| # include <sys/types.h>
| #endif
| #ifdef HAVE_SYS_STAT_H
| # include <sys/stat.h>
| #endif
| #ifdef STDC_HEADERS
| # include <stdlib.h>
| # include <stddef.h>
| #else
| # ifdef HAVE_STDLIB_H
| #  include <stdlib.h>
| # endif
| #endif
| #ifdef HAVE_STRING_H
| # if !defined STDC_HEADERS && defined HAVE_MEMORY_H
| #  include <memory.h>
| # endif
| # include <string.h>
| #endif
| #ifdef HAVE_STRINGS_H
| # include <strings.h>
| #endif
| #ifdef HAVE_INTTYPES_H
| # include <inttypes.h>
| #endif
| #ifdef HAVE_STDINT_H
| # include <stdint.h>
| #endif
| #ifdef HAVE_UNISTD_H
| # include <unistd.h>
| #endif
| int
| main ()
| {
| if (sizeof ((ptrdiff_t)))
| 	    return 0;
|   ;
|   return 0;
| }
:6238: result: yes
:6275: checking size of void *
:6280: mpicc -o conftest  -fPIC -DPIC  -DNDEBUG  -O conftest.c  -lm >&5
:6280: $? = 0
:6280: ./conftest
:6280: $? = 0
:6294: result: 8
:6370: checking size of short
:6375: mpicc -o conftest  -fPIC -DPIC  -DNDEBUG  -O conftest.c  -lm >&5
:6375: $? = 0
:6375: ./conftest
:6375: $? = 0
:6389: result: 2
:6465: checking size of int
:6470: mpicc -o conftest  -fPIC -DPIC  -DNDEBUG  -O conftest.c  -lm >&5
:6470: $? = 0
:6470: ./conftest
:6470: $? = 0
:6484: result: 4
:6560: checking size of long
:6565: mpicc -o conftest  -fPIC -DPIC  -DNDEBUG  -O conftest.c  -lm >&5
:6565: $? = 0
:6565: ./conftest
:6565: $? = 0
:6579: result: 8
:6655: checking size of long long
:6660: mpicc -o conftest  -fPIC -DPIC  -DNDEBUG  -O conftest.c  -lm >&5
:6660: $? = 0
:6660: ./conftest
:6660: $? = 0
:6674: result: 8
:6750: checking size of float
:6755: mpicc -o conftest  -fPIC -DPIC  -DNDEBUG  -O conftest.c  -lm >&5
:6755: $? = 0
:6755: ./conftest
:6755: $? = 0
:6769: result: 4
:6845: checking size of double
:6850: mpicc -o conftest  -fPIC -DPIC  -DNDEBUG  -O conftest.c  -lm >&5
:6850: $? = 0
:6850: ./conftest
:6850: $? = 0
:6864: result: 8
:7048: checking for snprintf
:7048: mpicc -o conftest  -fPIC -DPIC  -DNDEBUG  -O conftest.c  -lm >&5
conftest.c:63:6: warning: incompatible redeclaration of library function 'snprintf' [-Wincompatible-library-redeclaration]
char snprintf ();
     ^
conftest.c:63:6: note: 'snprintf' is a builtin with type 'int (char *, unsigned long, const char *, ...)'
1 warning generated.
:7048: $? = 0
:7048: result: yes
:7048: checking for gettimeofday
:7048: mpicc -o conftest  -fPIC -DPIC  -DNDEBUG  -O conftest.c  -lm >&5
:7048: $? = 0
:7048: result: yes
:7141: checking for MPI (MPI compiler wrapper test)
:7157: mpicc -o conftest  -fPIC -DPIC  -DNDEBUG   -O  conftest.c   -lm >&5
:7157: $? = 0
:7168: result: yes
:7595: checking for doxygen
:7613: found /usr/bin/doxygen
:7625: result: /usr/bin/doxygen
:7643: checking for dot
:7676: result: no
:7682: WARNING: dot not found; Doxygen documentation will not be built
:7749: initializing ple-config
:8028: closing ple-config
:8055: closing ple_config.h
:8060: ple_config.h  is unchanged
:8181: checking that generated files are newer than configure
:8187: result: done
:8234: creating ./config.status

## ---------------------- ##
## Running config.status. ##
## ---------------------- ##

This file was extended by ple config.status 2.0.4-alpha, which was
generated by GNU Autoconf 2.69.  Invocation command line was

  CONFIG_FILES    = 
  CONFIG_HEADERS  = 
  CONFIG_LINKS    = 
  CONFIG_COMMANDS = 
  $ ./config.status 

on ip-10-8-15-90

config.status:942: creating Makefile
config.status:942: creating src/Makefile
config.status:942: creating pyple/Makefile
config.status:942: creating tests/Makefile
config.status:942: creating doc/Makefile
config.status:942: creating doc/doxygen/Makefile
config.status:942: creating ple_config_priv.h
config.status:1108: ple_config_priv.h is unchanged
config.status:1156: executing depfiles commands

## ---------------- ##
## Cache variables. ##
## ---------------- ##

ac_cv_build=aarch64-unknown-linux-gnu
ac_cv_c_compiler_gnu=yes
ac_cv_c_const=yes
ac_cv_c_inline=inline
ac_cv_env_CC_set=set
ac_cv_env_CC_value=mpicc
ac_cv_env_CFLAGS_set=
ac_cv_env_CFLAGS_value=
ac_cv_env_CPPFLAGS_set=
ac_cv_env_CPPFLAGS_value=
ac_cv_env_CPP_set=
ac_cv_env_CPP_value=
ac_cv_env_DOT_set=
ac_cv_env_DOT_value=
ac_cv_env_DOXYGEN_set=
ac_cv_env_DOXYGEN_value=
ac_cv_env_LDFLAGS_set=
ac_cv_env_LDFLAGS_value=
ac_cv_env_LIBS_set=
ac_cv_env_LIBS_value=
ac_cv_env_PYTHON_VERSION_set=
ac_cv_env_PYTHON_VERSION_value=
ac_cv_env_PYTHON_set=
ac_cv_env_PYTHON_value=
ac_cv_env_build_alias_set=
ac_cv_env_build_alias_value=
ac_cv_env_host_alias_set=
ac_cv_env_host_alias_value=
ac_cv_env_target_alias_set=
ac_cv_env_target_alias_value=
ac_cv_func_gettimeofday=yes
ac_cv_func_snprintf=yes
ac_cv_header_inttypes_h=yes
ac_cv_header_memory_h=yes
ac_cv_header_stdbool_h=yes
ac_cv_header_stdc=yes
ac_cv_header_stddef_h=yes
ac_cv_header_stdint_h=yes
ac_cv_header_stdlib_h=yes
ac_cv_header_string_h=yes
ac_cv_header_strings_h=yes
ac_cv_header_sys_stat_h=yes
ac_cv_header_sys_time_h=yes
ac_cv_header_sys_types_h=yes
ac_cv_header_unistd_h=yes
ac_cv_host=aarch64-unknown-linux-gnu
ac_cv_objext=o
ac_cv_path_DOXYGEN=/usr/bin/doxygen
ac_cv_path_EGREP='/usr/bin/grep -E'
ac_cv_path_GREP=/usr/bin/grep
ac_cv_path_install='/usr/bin/install -c'
ac_cv_path_mkdir=/usr/bin/mkdir
ac_cv_prog_AWK=gawk
ac_cv_prog_CPP='mpicc -E'
ac_cv_prog_ac_ct_AR=ar
ac_cv_prog_ac_ct_CC=mpicc
ac_cv_prog_cc_c89=
ac_cv_prog_cc_g=yes
ac_cv_prog_cc_mpicc_c_o=yes
ac_cv_prog_make_make_set=yes
ac_cv_sizeof_double=8
ac_cv_sizeof_float=4
ac_cv_sizeof_int=4
ac_cv_sizeof_long=8
ac_cv_sizeof_long_long=8
ac_cv_sizeof_short=2
ac_cv_sizeof_void_p=8
ac_cv_target=aarch64-unknown-linux-gnu
ac_cv_type__Bool=yes
ac_cv_type_int32_t=yes
ac_cv_type_int64_t=yes
ac_cv_type_long_long=yes
ac_cv_type_pid_t=yes
ac_cv_type_ptrdiff_t=yes
ac_cv_type_size_t=yes
ac_cv_type_uint32_t=yes
ac_cv_type_uint64_t=yes
ac_cv_type_unsigned_long_long=yes
am_cv_CC_dependencies_compiler_type=gcc3
am_cv_ar_interface=ar
am_cv_make_support_nested_variables=yes
am_cv_prog_tar_pax=gnutar

## ----------------- ##
## Output variables. ##
## ----------------- ##

ACLOCAL='${SHELL} /userdir/home/skone/code_saturne-7.2.0/libple/build-aux/missing aclocal-1.13'
AMDEPBACKSLASH='\'
AMDEP_FALSE='#'
AMDEP_TRUE=''
AMTAR='$${TAR-tar}'
AM_BACKSLASH='\'
AM_DEFAULT_V='$(AM_DEFAULT_VERBOSITY)'
AM_DEFAULT_VERBOSITY='1'
AM_V='$(V)'
AR='ar'
AUTOCONF='${SHELL} /userdir/home/skone/code_saturne-7.2.0/libple/build-aux/missing autoconf'
AUTOHEADER='${SHELL} /userdir/home/skone/code_saturne-7.2.0/libple/build-aux/missing autoheader'
AUTOMAKE='${SHELL} /userdir/home/skone/code_saturne-7.2.0/libple/build-aux/missing automake-1.13'
AWK='gawk'
CC='mpicc'
CCDEPMODE='depmode=gcc3'
CFLAGS=' -fPIC -DPIC'
CFLAGS_DBG=''
CFLAGS_OPT='-O2'
CPP='mpicc -E'
CPPFLAGS=' -DNDEBUG'
CYGPATH_W='echo'
DEFS='-DHAVE_CONFIG_H'
DEPDIR='.deps'
DOT=''
DOXYGEN='/usr/bin/doxygen'
ECHO_C=''
ECHO_N='-n'
ECHO_T=''
EGREP='/usr/bin/grep -E'
EXEEXT=''
GREP='/usr/bin/grep'
HAVE_DOXYGEN_FALSE=''
HAVE_DOXYGEN_TRUE='#'
HAVE_MPI4PY_FALSE=''
HAVE_MPI4PY_TRUE='#'
HAVE_MPI_FALSE='#'
HAVE_MPI_TRUE=''
HAVE_RELOCATABLE_FALSE=''
HAVE_RELOCATABLE_TRUE='#'
INSTALL_DATA='${INSTALL} -m 644'
INSTALL_PROGRAM='${INSTALL}'
INSTALL_SCRIPT='${INSTALL}'
INSTALL_STRIP_PROGRAM='$(install_sh) -c -s'
LDFLAGS=' -O'
LDFLAGS_SHARED='-shared'
LDFLAGS_SONAME='-Wl,-soname -Wl,'
LDRPATH='-Wl,-rpath -Wl,'
LIBOBJS=''
LIBS=' -lm'
LIB_EXT='so'
LN_S='ln -s'
LTLIBOBJS=''
MAINT='#'
MAINTAINER_MODE_FALSE=''
MAINTAINER_MODE_TRUE='#'
MAKEINFO='${SHELL} /userdir/home/skone/code_saturne-7.2.0/libple/build-aux/missing makeinfo'
MKDIR_P='/usr/bin/mkdir -p'
MPI4PY=''
MPI4PY_CFLAGS=''
MPI4PY_PATH=''
MPI_CPPFLAGS=''
MPI_LDFLAGS=''
MPI_LIBS=''
OBJEXT='o'
PACKAGE='ple'
PACKAGE_BUGREPORT='saturne-support@edf.fr'
PACKAGE_NAME='ple'
PACKAGE_STRING='ple 2.0.4-alpha'
PACKAGE_TARNAME='ple'
PACKAGE_URL=''
PACKAGE_VERSION='2.0.4-alpha'
PATH_SEPARATOR=':'
PLE_LD='mpicc'
PLE_LIB_VERSION_STRING_FULL='2.0.4'
PLE_LIB_VERSION_STRING_MAJOR='2'
PYTHON=''
PYTHON_CPPFLAGS=''
PYTHON_EXEC_PREFIX=''
PYTHON_PLATFORM=''
PYTHON_PREFIX=''
PYTHON_VERSION=''
RANLIB=''
SET_MAKE=''
SHARED_LIB_EXT='so'
SHELL='/bin/sh'
STRIP=''
VERSION='2.0.4-alpha'
ac_ct_AR='ar'
ac_ct_CC='mpicc'
am__EXEEXT_FALSE=''
am__EXEEXT_TRUE='#'
am__fastdepCC_FALSE='#'
am__fastdepCC_TRUE=''
am__include='include'
am__isrc=' -I$(srcdir)'
am__leading_dot='.'
am__nodep='_no'
am__quote=''
am__tar='tar --format=posix -chf - "$$tardir"'
am__untar='tar -xf -'
bindir='${exec_prefix}/bin'
build='aarch64-unknown-linux-gnu'
build_alias=''
build_cpu='aarch64'
build_os='linux-gnu'
build_vendor='unknown'
datadir='${datarootdir}'
datarootdir='${prefix}/share'
debug='no'
docdir='${datarootdir}/doc/${PACKAGE_TARNAME}'
dvidir='${docdir}'
enable_shared='yes'
exec_prefix='${prefix}'
host='aarch64-unknown-linux-gnu'
host_alias=''
host_cpu='aarch64'
host_os='linux-gnu'
host_vendor='unknown'
htmldir='${docdir}'
includedir='${prefix}/include'
infodir='${datarootdir}/info'
install_sh='${SHELL} /userdir/home/skone/code_saturne-7.2.0/libple/build-aux/install-sh'
libdir='${exec_prefix}/lib'
libexecdir='${exec_prefix}/libexec'
localedir='${datarootdir}/locale'
localstatedir='${prefix}/var'
mandir='${datarootdir}/man'
mkdir_p='$(MKDIR_P)'
oldincludedir='/usr/include'
pdfdir='${docdir}'
pkgpyexecdir=''
pkgpythondir=''
ple_have_doxygen='no'
ple_have_long_lnum='no'
ple_have_openmp='no'
prefix='/userdir/home/skone/code_saturne-7.2.0'
profile='no'
program_transform_name='s,x,x,'
psdir='${docdir}'
pyexecdir=''
python_bindings='no'
pythondir=''
relocatable='no'
sbindir='${exec_prefix}/sbin'
sharedstatedir='${prefix}/com'
sysconfdir='${prefix}/etc'
target='aarch64-unknown-linux-gnu'
target_alias=''
target_cpu='aarch64'
target_os='linux-gnu'
target_vendor='unknown'

## ----------- ##
## confdefs.h. ##
## ----------- ##

/* confdefs.h */
#define PACKAGE_NAME "ple"
#define PACKAGE_TARNAME "ple"
#define PACKAGE_VERSION "2.0.4-alpha"
#define PACKAGE_STRING "ple 2.0.4-alpha"
#define PACKAGE_BUGREPORT "saturne-support@edf.fr"
#define PACKAGE_URL ""
#define PACKAGE "ple"
#define VERSION "2.0.4-alpha"
#define STDC_HEADERS 1
#define HAVE_SYS_TYPES_H 1
#define HAVE_SYS_STAT_H 1
#define HAVE_STDLIB_H 1
#define HAVE_STRING_H 1
#define HAVE_MEMORY_H 1
#define HAVE_STRINGS_H 1
#define HAVE_INTTYPES_H 1
#define HAVE_STDINT_H 1
#define HAVE_UNISTD_H 1
#define HAVE_SYS_TIME_H 1
#define HAVE_SYS_TYPES_H 1
#define HAVE_STDDEF_H 1
#define HAVE__BOOL 1
#define HAVE_STDBOOL_H 1
#define HAVE_LONG_LONG 1
#define HAVE_UNSIGNED_LONG_LONG 1
#define HAVE_INT32_T 1
#define HAVE_INT64_T 1
#define HAVE_UINT32_T 1
#define HAVE_UINT64_T 1
#define HAVE_PTRDIFF_T 1
#define SIZEOF_VOID_P 8
#define SIZEOF_SHORT 2
#define SIZEOF_INT 4
#define SIZEOF_LONG 8
#define SIZEOF_LONG_LONG 8
#define SIZEOF_FLOAT 4
#define SIZEOF_DOUBLE 8
#define HAVE_SNPRINTF 1
#define HAVE_GETTIMEOFDAY 1
#define HAVE_MPI 1

: exit 0
